/var/slurmd-mpp2/job26212/slurm_script: line 16: cd: /gpfs/scratch/t1221/t1221ag/mydata: No such file or directory
 benchmarks to run sendrecv 
#------------------------------------------------------------
#    Intel (R) MPI Benchmarks 4.1, MPI-1 part    
#------------------------------------------------------------
# Date                  : Sun Nov 22 02:55:22 2015
# Machine               : x86_64
# System                : Linux
# Release               : 3.0.101-0.46-default
# Version               : #1 SMP Wed Dec 17 11:04:10 UTC 2014 (8356111)
# MPI Version           : 3.0
# MPI Thread Environment: 

# New default behavior from Version 3.2 on:

# the number of iterations per message size is cut down 
# dynamically when a certain run time (per message size sample) 
# is expected to be exceeded. Time limit is defined by variable 
# "SECS_PER_SAMPLE" (=> IMB_settings.h) 
# or through the flag => -time 
  


# Calling sequence was: 

# /home/hpc/t1221/t1221ag/Tutorial3/exercise2/imb/src/IMB-MPI1 sendrecv

# Minimum message length in bytes:   0
# Maximum message length in bytes:   4194304
#
# MPI_Datatype                   :   MPI_BYTE 
# MPI_Datatype for reductions    :   MPI_FLOAT
# MPI_Op                         :   MPI_SUM  
#
#

# List of Benchmarks to run:

# Sendrecv

#-----------------------------------------------------------------------------
# Benchmarking Sendrecv 
# #processes = 2 
# ( 403 additional processes waiting in MPI_Barrier)
#-----------------------------------------------------------------------------
       #bytes #repetitions  t_min[usec]  t_max[usec]  t_avg[usec]   Mbytes/sec
            0         1000         0.33         0.33         0.33         0.00
            1         1000         0.35         0.35         0.35         5.48
            2         1000         0.35         0.35         0.35        10.96
            4         1000         0.35         0.35         0.35        21.72
            8         1000         0.34         0.34         0.34        44.35
           16         1000         0.34         0.34         0.34        88.77
           32         1000         0.36         0.36         0.36       169.54
           64         1000         0.38         0.38         0.38       318.80
          128         1000         0.40         0.40         0.40       608.80
          256         1000         0.42         0.42         0.42      1157.06
          512         1000         0.54         0.54         0.54      1801.23
         1024         1000         0.57         0.57         0.57      3409.07
         2048         1000         0.72         0.72         0.72      5409.05
         4096         1000         1.08         1.09         1.09      7193.85
         8192         1000         1.72         1.72         1.72      9074.49
        16384         1000         2.97         2.97         2.97     10525.34
        32768         1000         5.30         5.30         5.30     11792.88
        65536          640        15.43        15.43        15.43      8100.44
       131072          320        27.69        27.69        27.69      9027.29
       262144          160        52.76        52.78        52.77      9473.03
       524288           80        97.31        97.35        97.33     10272.29
      1048576           40       185.80       185.90       185.85     10758.42
      2097152           20       363.40       363.60       363.50     11001.09
      4194304           10       789.00       791.81       790.41     10103.41

#-----------------------------------------------------------------------------
# Benchmarking Sendrecv 
# #processes = 4 
# ( 401 additional processes waiting in MPI_Barrier)
#-----------------------------------------------------------------------------
       #bytes #repetitions  t_min[usec]  t_max[usec]  t_avg[usec]   Mbytes/sec
            0         1000         0.45         0.45         0.45         0.00
            1         1000         0.43         0.43         0.43         4.43
            2         1000         0.42         0.42         0.42         9.17
            4         1000         0.42         0.42         0.42        18.08
            8         1000         0.43         0.43         0.43        35.81
           16         1000         0.42         0.42         0.42        72.15
           32         1000         0.44         0.44         0.44       138.75
           64         1000         0.41         0.41         0.41       294.93
          128         1000         0.45         0.45         0.45       542.66
          256         1000         0.44         0.44         0.44      1110.03
          512         1000         0.54         0.54         0.54      1794.92
         1024         1000         0.62         0.62         0.62      3154.41
         2048         1000         0.74         0.74         0.74      5314.30
         4096         1000         1.29         1.29         1.29      6037.96
         8192         1000         1.74         1.74         1.74      8970.16
        16384         1000         3.15         3.15         3.15      9904.93
        32768         1000         5.39         5.39         5.39     11593.65
        65536          640        15.11        15.12        15.11      8268.71
       131072          320        27.63        27.65        27.64      9042.62
       262144          160        52.32        52.37        52.35      9547.70
       524288           80        98.56        98.66        98.61     10135.45
      1048576           40       187.85       188.37       188.11     10617.15
      2097152           20       465.35       467.19       466.25      8561.77
      4194304           10      1556.71      1562.21      1559.48      5120.94

#-----------------------------------------------------------------------------
# Benchmarking Sendrecv 
# #processes = 8 
# ( 397 additional processes waiting in MPI_Barrier)
#-----------------------------------------------------------------------------
       #bytes #repetitions  t_min[usec]  t_max[usec]  t_avg[usec]   Mbytes/sec
            0         1000         0.48         0.48         0.48         0.00
            1         1000         0.54         0.55         0.55         3.49
            2         1000         0.55         0.55         0.55         6.94
            4         1000         0.54         0.55         0.55        13.97
            8         1000         0.54         0.54         0.54        28.06
           16         1000         0.54         0.55         0.54        55.99
           32         1000         0.55         0.56         0.56       109.78
           64         1000         0.63         0.63         0.63       193.79
          128         1000         0.63         0.63         0.63       386.85
          256         1000         0.71         0.71         0.71       691.66
          512         1000         0.78         0.78         0.78      1245.74
         1024         1000         0.89         0.89         0.89      2189.79
         2048         1000         1.18         1.18         1.18      3307.23
         4096         1000         1.76         1.76         1.76      4434.10
         8192         1000         2.93         2.94         2.94      5316.46
        16384         1000         5.28         5.30         5.29      5900.69
        32768         1000         9.77         9.79         9.78      6381.46
        65536          640        26.13        26.22        26.18      4767.00
       131072          320        51.38        51.72        51.56      4833.54
       262144          160        99.58       100.94       100.28      4953.56
       524288           80       188.59       193.97       191.43      5155.32
      1048576           40       387.90       406.32       398.24      4922.17
      2097152           20      1352.60      1432.50      1397.23      2792.32
      4194304           10      2891.11      3178.31      3049.60      2517.06

#-----------------------------------------------------------------------------
# Benchmarking Sendrecv 
# #processes = 16 
# ( 389 additional processes waiting in MPI_Barrier)
#-----------------------------------------------------------------------------
       #bytes #repetitions  t_min[usec]  t_max[usec]  t_avg[usec]   Mbytes/sec
            0         1000         0.98         1.00         0.99         0.00
            1         1000         0.95         0.95         0.95         2.00
            2         1000         0.61         0.61         0.61         6.25
            4         1000         0.61         0.61         0.61        12.50
            8         1000         0.60         0.61         0.60        25.18
           16         1000         0.60         0.60         0.60        51.04
           32         1000         0.73         0.73         0.73        83.25
           64         1000         0.75         0.75         0.75       162.13
          128         1000         0.77         0.77         0.77       316.24
          256         1000         0.80         0.81         0.80       605.74
          512         1000         0.95         0.96         0.95      1021.70
         1024         1000         1.15         1.16         1.15      1686.64
         2048         1000         1.45         1.46         1.45      2679.31
         4096         1000         2.05         2.06         2.05      3790.40
         8192         1000         3.13         3.15         3.14      4958.84
        16384         1000         5.42         5.44         5.43      5742.48
        32768         1000        10.01        10.07        10.04      6209.00
        65536          640        22.38        22.53        22.46      5547.10
       131072          320        42.49        43.07        42.78      5805.16
       262144          160        77.83        79.96        78.88      6253.39
       524288           80       152.63       158.75       155.61      6299.29
      1048576           40       329.28       356.08       343.18      5616.74
      2097152           20      1410.70      1525.84      1484.89      2621.50
      4194304           10      2809.60      3349.02      3120.80      2388.76

#-----------------------------------------------------------------------------
# Benchmarking Sendrecv 
# #processes = 32 
# ( 373 additional processes waiting in MPI_Barrier)
#-----------------------------------------------------------------------------
       #bytes #repetitions  t_min[usec]  t_max[usec]  t_avg[usec]   Mbytes/sec
            0         1000         1.26         1.28         1.27         0.00
            1         1000         1.24         1.26         1.25         1.51
            2         1000         1.22         1.25         1.23         3.06
            4         1000         1.68         1.71         1.70         4.46
            8         1000         1.24         1.26         1.26        12.07
           16         1000         1.23         1.26         1.24        24.32
           32         1000         1.26         1.28         1.27        47.73
           64         1000         1.27         1.30         1.29        93.84
          128         1000         1.31         1.34         1.33       182.21
          256         1000         1.32         1.35         1.34       362.48
          512         1000         1.41         1.43         1.42       683.92
         1024         1000         1.52         1.54         1.53      1267.52
         2048         1000         2.87         2.93         2.90      1335.07
         4096         1000         4.40         4.48         4.45      1742.70
         8192         1000         7.38         7.52         7.46      2076.42
        16384         1000        13.72        14.03        13.89      2227.56
        32768         1000        18.01        18.37        18.20      3401.38
        65536          640        25.79        26.18        26.00      4773.85
       131072          320        42.67        43.68        43.20      5723.67
       262144          160        84.44        89.17        86.99      5606.98
       524288           80       153.45       165.54       159.27      6040.95
      1048576           40       309.90       354.70       329.19      5638.55
      2097152           20      1141.55      1586.26      1418.21      2521.66
      4194304           10      2069.09      3339.29      2926.81      2395.72

#-----------------------------------------------------------------------------
# Benchmarking Sendrecv 
# #processes = 64 
# ( 341 additional processes waiting in MPI_Barrier)
#-----------------------------------------------------------------------------
       #bytes #repetitions  t_min[usec]  t_max[usec]  t_avg[usec]   Mbytes/sec
            0         1000         1.24         1.29         1.27         0.00
            1         1000         1.31         1.35         1.33         1.41
            2         1000         1.28         1.33         1.30         2.87
            4         1000         1.24         1.29         1.27         5.93
            8         1000         1.24         1.27         1.25        12.04
           16         1000         1.23         1.26         1.24        24.20
           32         1000         1.25         1.30         1.28        47.13
           64         1000         1.27         1.30         1.29        93.98
          128         1000         1.30         1.32         1.31       184.37
          256         1000         1.34         1.37         1.36       355.68
          512         1000         1.42         1.45         1.44       673.91
         1024         1000         1.50         1.53         1.52      1272.44
         2048         1000         2.90         2.97         2.94      1313.45
         4096         1000         4.38         4.50         4.45      1735.78
         8192         1000         7.79         8.15         7.98      1916.93
        16384         1000        13.83        14.19        14.03      2203.00
        32768         1000        17.11        17.79        17.46      3512.63
        65536          640        26.00        26.56        26.27      4707.02
       131072          320        43.38        45.11        44.19      5542.52
       262144          160        88.11        93.27        90.84      5360.56
       524288           80       148.16       166.39       158.59      6010.00
      1048576           40       309.65       372.95       340.32      5362.70
      2097152           20      1203.75      1552.20      1417.17      2576.99
      4194304           10      2488.61      3356.70      3076.08      2383.30

#-----------------------------------------------------------------------------
# Benchmarking Sendrecv 
# #processes = 128 
# ( 277 additional processes waiting in MPI_Barrier)
#-----------------------------------------------------------------------------
       #bytes #repetitions  t_min[usec]  t_max[usec]  t_avg[usec]   Mbytes/sec
            0         1000         1.46         1.59         1.52         0.00
            1         1000         1.51         1.62         1.57         1.18
            2         1000         1.49         1.62         1.56         2.36
            4         1000         1.44         1.57         1.50         4.87
            8         1000         1.44         1.57         1.51         9.72
           16         1000         1.44         1.56         1.51        19.60
           32         1000         1.46         1.59         1.53        38.46
           64         1000         1.47         1.61         1.54        75.86
          128         1000         1.52         1.64         1.58       149.14
          256         1000         1.55         1.67         1.62       292.74
          512         1000         1.63         1.76         1.70       555.16
         1024         1000         1.88         2.01         1.94       973.73
         2048         1000         3.21         3.51         3.36      1113.50
         4096         1000         4.95         5.44         5.20      1436.12
         8192         1000         8.77         9.72         9.25      1607.38
        16384         1000        15.27        16.71        16.05      1870.59
        32768         1000        19.22        20.88        20.07      2992.72
        65536          640        26.75        28.15        27.35      4440.00
       131072          320        44.93        47.58        45.91      5254.54
       262144          160        89.39        94.67        92.04      5281.58
       524288           80       150.40       167.51       159.39      5969.69
      1048576           40       307.80       414.97       350.75      4819.58
      2097152           20      1206.95      1570.80      1435.93      2546.48
      4194304           10      2504.71      3376.82      3078.07      2369.09

#-----------------------------------------------------------------------------
# Benchmarking Sendrecv 
# #processes = 256 
# ( 149 additional processes waiting in MPI_Barrier)
#-----------------------------------------------------------------------------
       #bytes #repetitions  t_min[usec]  t_max[usec]  t_avg[usec]   Mbytes/sec
            0         1000         1.46         1.60         1.54         0.00
            1         1000         1.41         1.60         1.51         1.20
            2         1000         1.38         1.60         1.49         2.39
            4         1000         1.39         1.60         1.49         4.78
            8         1000         1.38         1.61         1.50         9.48
           16         1000         1.42         1.66         1.53        18.37
           32         1000         1.41         1.59         1.50        38.34
           64         1000         1.48         1.86         1.66        65.67
          128         1000         1.46         1.64         1.55       149.23
          256         1000         1.50         1.68         1.59       291.16
          512         1000         1.59         1.80         1.70       543.38
         1024         1000         1.67         1.83         1.75      1065.56
         2048         1000         3.85         4.45         4.14       878.40
         4096         1000         4.77         5.45         5.12      1433.23
         8192         1000         8.26        10.31         9.27      1515.39
        16384         1000        14.85        17.30        16.03      1806.25
        32768         1000        24.82        26.83        25.79      2329.13
        65536          640        26.77        28.44        27.48      4395.62
       131072          320        45.03        46.59        45.75      5366.22
       262144          160        88.41        94.67        91.28      5281.25
       524288           80       150.86       179.91       161.39      5558.22
      1048576           40       306.05       414.80       350.37      4821.59
      2097152           20      1142.39      1583.90      1421.23      2525.42
      4194304           10      2376.29      3414.80      3068.09      2342.74

#-----------------------------------------------------------------------------
# Benchmarking Sendrecv 
# #processes = 405 
#-----------------------------------------------------------------------------
       #bytes #repetitions  t_min[usec]  t_max[usec]  t_avg[usec]   Mbytes/sec
            0         1000         1.46         1.78         1.61         0.00
            1         1000         1.38         1.61         1.52         1.19
            2         1000         1.39         1.57         1.50         2.43
            4         1000         1.39         1.79         1.59         4.26
            8         1000         1.44         1.68         1.56         9.06
           16         1000         1.39         1.57         1.50        19.44
           32         1000         1.40         1.61         1.52        37.86
           64         1000         1.42         1.62         1.54        75.54
          128         1000         1.46         1.65         1.57       148.41
          256         1000         1.50         1.68         1.61       291.16
          512         1000         1.57         1.82         1.71       535.35
         1024         1000         1.74         2.01         1.86       970.27
         2048         1000         3.10         3.94         3.51       990.69
         4096         1000         4.82         5.44         5.19      1435.37
         8192         1000         8.39         9.73         9.11      1605.68
        16384         1000        14.72        17.11        16.22      1826.10
        32768         1000        18.01        22.03        20.11      2836.78
        65536          640        26.99        29.27        27.74      4270.80
       131072          320        44.83        49.73        46.14      5027.33
       262144          160        88.76        96.03        91.65      5206.92
       524288           80       149.86       169.30       159.96      5906.64
      1048576           40       308.28       439.90       349.68      4546.49
      2097152           20      1190.35      1607.30      1447.96      2488.65
      4194304           10      2445.29      3452.90      3086.11      2316.90


# All processes entering MPI_Finalize

