/var/slurmd-mpp2/job26224/slurm_script: line 16: cd: /gpfs/scratch/t1221/t1221ag/mydata: No such file or directory
 benchmarks to run iallgather_pure 
#------------------------------------------------------------
#    Intel (R) MPI Benchmarks 4.1, MPI-NBC part  
#------------------------------------------------------------
# Date                  : Sun Nov 22 16:15:49 2015
# Machine               : x86_64
# System                : Linux
# Release               : 3.0.101-0.46-default
# Version               : #1 SMP Wed Dec 17 11:04:10 UTC 2014 (8356111)
# MPI Version           : 3.0
# MPI Thread Environment: 

# New default behavior from Version 3.2 on:

# the number of iterations per message size is cut down 
# dynamically when a certain run time (per message size sample) 
# is expected to be exceeded. Time limit is defined by variable 
# "SECS_PER_SAMPLE" (=> IMB_settings.h) 
# or through the flag => -time 
  


# Calling sequence was: 

# /home/hpc/t1221/t1221ag/Tutorial3/exercise2/imb/src/IMB-NBC iallgather_pure

# Minimum message length in bytes:   0
# Maximum message length in bytes:   4194304
#
# MPI_Datatype                   :   MPI_BYTE 
# MPI_Datatype for reductions    :   MPI_FLOAT
# MPI_Op                         :   MPI_SUM  
#
#

# List of Benchmarks to run:

# Iallgather_pure

#----------------------------------------------------------------
# Benchmarking Iallgather_pure 
# #processes = 2 
# ( 127 additional processes waiting in MPI_Barrier)
#----------------------------------------------------------------
       #bytes #repetitions  t_min[usec]  t_max[usec]  t_avg[usec]
            0         1000         0.35         0.35         0.35
            1         1000         0.98         0.98         0.98
            2         1000         0.99         1.00         0.99
            4         1000         0.99         1.00         1.00
            8         1000         1.04         1.04         1.04
           16         1000         0.95         0.98         0.96
           32         1000         1.00         1.00         1.00
           64         1000         1.01         1.01         1.01
          128         1000         1.04         1.04         1.04
          256         1000         1.04         1.05         1.05
          512         1000         1.18         1.18         1.18
         1024         1000         1.57         1.58         1.57
         2048         1000         1.51         1.51         1.51
         4096         1000         2.03         2.04         2.04
         8192         1000         2.96         2.97         2.96
        16384         1000         4.91         4.91         4.91
        32768         1000         8.67         8.67         8.67
        65536          640        24.01        24.02        24.01
       131072          320        47.25        47.26        47.26
       262144          160        85.74        85.75        85.74
       524288           80       151.23       151.24       151.23
      1048576           40       263.70       263.74       263.72
      2097152           20       524.21       524.51       524.36
      4194304           10      2121.88      2126.10      2123.99

#----------------------------------------------------------------
# Benchmarking Iallgather_pure 
# #processes = 4 
# ( 125 additional processes waiting in MPI_Barrier)
#----------------------------------------------------------------
       #bytes #repetitions  t_min[usec]  t_max[usec]  t_avg[usec]
            0         1000         0.27         0.30         0.28
            1         1000         1.19         1.20         1.20
            2         1000         1.20         1.20         1.20
            4         1000         1.25         1.26         1.25
            8         1000         1.21         1.22         1.21
           16         1000         1.27         1.28         1.27
           32         1000         1.27         1.29         1.28
           64         1000         1.26         1.27         1.27
          128         1000         1.29         1.32         1.30
          256         1000         1.42         1.43         1.42
          512         1000         1.57         1.58         1.58
         1024         1000         1.82         1.84         1.84
         2048         1000         2.38         2.40         2.39
         4096         1000         3.50         3.51         3.51
         8192         1000         5.48         5.50         5.49
        16384         1000         9.24         9.26         9.25
        32768         1000        22.93        22.94        22.94
        65536          640        50.59        50.60        50.60
       131072          320        97.27        97.30        97.29
       262144          160       179.77       179.83       179.80
       524288           80       343.14       343.39       343.23
      1048576           40      1223.86      1225.40      1224.60
      2097152           20      3410.34      3413.14      3411.75
      4194304           10      6972.19      6977.73      6975.09

#----------------------------------------------------------------
# Benchmarking Iallgather_pure 
# #processes = 8 
# ( 121 additional processes waiting in MPI_Barrier)
#----------------------------------------------------------------
       #bytes #repetitions  t_min[usec]  t_max[usec]  t_avg[usec]
            0         1000         0.26         0.30         0.28
            1         1000         2.03         2.05         2.05
            2         1000         2.04         2.06         2.05
            4         1000         2.04         2.06         2.05
            8         1000         2.06         2.08         2.07
           16         1000         2.15         2.17         2.16
           32         1000         2.31         2.33         2.32
           64         1000         2.37         2.39         2.38
          128         1000         2.40         2.42         2.41
          256         1000         2.78         2.79         2.78
          512         1000         3.74         3.76         3.75
         1024         1000         4.49         4.50         4.49
         2048         1000         6.98         6.99         6.99
         4096         1000        10.41        10.42        10.42
         8192         1000        17.99        18.02        18.00
        16384         1000        38.34        38.36        38.35
        32768         1000        69.17        69.21        69.18
        65536          640       198.41       198.53       198.47
       131072          320       385.99       386.35       386.17
       262144          160       815.43       816.83       816.14
       524288           80      2435.48      2441.33      2438.73
      1048576           40      5443.95      5467.93      5458.04
      2097152           20     11697.85     11780.80     11744.37
      4194304           10     25011.11     25300.19     25196.40

#----------------------------------------------------------------
# Benchmarking Iallgather_pure 
# #processes = 16 
# ( 113 additional processes waiting in MPI_Barrier)
#----------------------------------------------------------------
       #bytes #repetitions  t_min[usec]  t_max[usec]  t_avg[usec]
            0         1000         0.26         0.30         0.28
            1         1000         2.93         2.95         2.94
            2         1000         3.00         3.03         3.02
            4         1000         2.96         2.99         2.98
            8         1000         3.02         3.04         3.03
           16         1000         3.04         3.05         3.05
           32         1000         3.42         3.44         3.43
           64         1000         3.58         3.60         3.59
          128         1000         4.14         4.16         4.15
          256         1000         5.10         5.13         5.12
          512         1000         6.95         6.96         6.96
         1024         1000        10.21        10.23        10.22
         2048         1000        19.73        19.75        19.74
         4096         1000        42.45        42.48        42.46
         8192         1000        67.16        67.21        67.18
        16384         1000       125.91       125.95       125.93
        32768         1000       167.81       167.88       167.84
        65536          640       370.22       370.41       370.32
       131072          320       770.90       771.59       771.24
       262144          160      2539.28      2543.40      2541.48
       524288           80      5175.25      5191.37      5184.50
      1048576           40     12002.79     12064.14     12038.34
      2097152           20     24790.54     25033.50     24928.88
      4194304           10     51899.48     52868.41     52468.91

#----------------------------------------------------------------
# Benchmarking Iallgather_pure 
# #processes = 32 
# ( 97 additional processes waiting in MPI_Barrier)
#----------------------------------------------------------------
       #bytes #repetitions  t_min[usec]  t_max[usec]  t_avg[usec]
            0         1000         0.25         0.28         0.27
            1         1000         7.58         7.61         7.59
            2         1000         7.59         7.62         7.61
            4         1000         7.64         7.66         7.65
            8         1000         7.73         7.76         7.75
           16         1000         8.03         8.05         8.04
           32         1000         8.48         8.51         8.49
           64         1000         9.01         9.04         9.02
          128         1000        10.66        10.68        10.67
          256         1000        14.14        14.17        14.16
          512         1000        21.56        21.58        21.58
         1024         1000        37.82        37.85        37.84
         2048         1000        97.54        97.60        97.56
         4096         1000       173.78       173.91       173.85
         8192         1000       320.62       320.87       320.74
        16384         1000       442.00       442.30       442.16
        32768         1000       544.09       544.40       544.26
        65536          640       875.98       876.46       876.24
       131072          320      2603.26      2605.53      2604.55
       262144          160      5168.43      5177.35      5173.30
       524288           80     10547.10     10583.95     10568.02
      1048576           40     24531.85     24713.04     24635.64
      2097152           20     49549.46     50325.72     49992.82
      4194304           10    103848.20    106812.43    105592.24

#----------------------------------------------------------------
# Benchmarking Iallgather_pure 
# #processes = 64 
# ( 65 additional processes waiting in MPI_Barrier)
#----------------------------------------------------------------
       #bytes #repetitions  t_min[usec]  t_max[usec]  t_avg[usec]
            0         1000         0.25         0.32         0.28
            1         1000        11.23        11.27        11.26
            2         1000        11.23        11.27        11.25
            4         1000        11.42        11.45        11.44
            8         1000        11.70        11.73        11.72
           16         1000        12.32        12.35        12.33
           32         1000        14.32        14.36        14.34
           64         1000        19.60        19.64        19.62
          128         1000        30.26        30.29        30.28
          256         1000        55.27        55.32        55.30
          512         1000       106.86       106.92       106.90
         1024         1000       289.60       289.74       289.67
         2048         1000       550.17       550.46       550.33
         4096         1000      1086.52      1086.89      1086.72
         8192         1000       483.94       484.27       484.11
        16384         1000       915.60       916.22       915.93
        32768         1000      1169.74      1170.23      1170.00
        65536          640      2387.15      2388.25      2387.74
       131072          320      5231.05      5236.21      5233.80
       262144          160     10235.54     10253.34     10244.39
       524288           80     21029.90     21108.75     21071.97
      1048576           40     49053.31     49297.67     49188.66
      2097152           20    101724.99    103385.09    102598.81
      4194304           10    210160.99    213767.17    212176.35

#----------------------------------------------------------------
# Benchmarking Iallgather_pure 
# #processes = 128 
# ( 1 additional process waiting in MPI_Barrier)
#----------------------------------------------------------------
       #bytes #repetitions  t_min[usec]  t_max[usec]  t_avg[usec]
            0         1000         0.25         0.33         0.28
            1         1000        16.41        16.44        16.43
            2         1000        16.64        16.68        16.66
            4         1000        17.03        17.07        17.05
            8         1000        17.81        17.84        17.83
           16         1000        19.36        19.40        19.38
           32         1000        26.87        26.91        26.90
           64         1000        41.39        41.44        41.42
          128         1000        71.52        71.58        71.55
          256         1000       134.70       134.75       134.72
          512         1000       337.43       337.61       337.53
         1024         1000       694.31       694.66       694.52
         2048         1000      1391.75      1392.41      1392.14
         4096         1000       698.81       699.31       699.07
         8192         1000      1159.39      1160.08      1159.76
        16384         1000      2244.83      2246.16      2245.42
        32768         1000      3582.35      3584.03      3583.28
        65536          640      5042.93      5045.23      5043.99
       131072          320     10379.10     10388.80     10384.00
       262144          160     21059.31     21102.65     21081.74
       524288           80     42771.20     42949.04     42862.03
      1048576           40    100851.14    101716.83    101298.47
      2097152           20    203866.59    205931.44    204690.00
      4194304           10    421867.99    432181.55    426704.20

#----------------------------------------------------------------
# Benchmarking Iallgather_pure 
# #processes = 129 
#----------------------------------------------------------------
       #bytes #repetitions  t_min[usec]  t_max[usec]  t_avg[usec]
            0         1000         0.27         0.31         0.29
            1         1000        18.48        18.52        18.50
            2         1000        18.03        18.06        18.05
            4         1000        18.67        18.70        18.69
            8         1000        19.68        19.72        19.70
           16         1000        22.01        22.05        22.03
           32         1000        27.92        27.96        27.94
           64         1000        45.86        45.91        45.89
          128         1000        74.45        74.50        74.49
          256         1000       135.66       135.72       135.70
          512         1000       387.23       387.39       387.31
         1024         1000       245.34       245.48       245.41
         2048         1000       457.24       457.57       457.41
         4096         1000       703.37       703.79       703.57
         8192         1000      1159.82      1160.68      1160.26
        16384         1000      2244.31      2245.97      2245.14
        32768         1000      3506.33      3507.64      3507.00
        65536          640      5218.96      5221.29      5220.14
       131072          320     10542.29     10553.15     10547.85
       262144          160     21232.72     21275.88     21254.96
       524288           80     43066.91     43247.10     43159.81
      1048576           40    100005.69    100712.18    100370.79
      2097152           20    205261.21    208811.86    207084.18
      4194304           10    425414.61    435346.13    429924.27


# All processes entering MPI_Finalize

