/var/slurmd-mpp2/job26215/slurm_script: line 16: cd: /gpfs/scratch/t1221/t1221ag/mydata: No such file or directory
 benchmarks to run allgather 
#------------------------------------------------------------
#    Intel (R) MPI Benchmarks 4.1, MPI-1 part    
#------------------------------------------------------------
# Date                  : Sun Nov 22 08:35:33 2015
# Machine               : x86_64
# System                : Linux
# Release               : 3.0.101-0.46-default
# Version               : #1 SMP Wed Dec 17 11:04:10 UTC 2014 (8356111)
# MPI Version           : 3.0
# MPI Thread Environment: 

# New default behavior from Version 3.2 on:

# the number of iterations per message size is cut down 
# dynamically when a certain run time (per message size sample) 
# is expected to be exceeded. Time limit is defined by variable 
# "SECS_PER_SAMPLE" (=> IMB_settings.h) 
# or through the flag => -time 
  


# Calling sequence was: 

# /home/hpc/t1221/t1221ag/Tutorial3/exercise2/imb/src/IMB-MPI1 allgather

# Minimum message length in bytes:   0
# Maximum message length in bytes:   4194304
#
# MPI_Datatype                   :   MPI_BYTE 
# MPI_Datatype for reductions    :   MPI_FLOAT
# MPI_Op                         :   MPI_SUM  
#
#

# List of Benchmarks to run:

# Allgather

#----------------------------------------------------------------
# Benchmarking Allgather 
# #processes = 2 
# ( 1006 additional processes waiting in MPI_Barrier)
#----------------------------------------------------------------
       #bytes #repetitions  t_min[usec]  t_max[usec]  t_avg[usec]
            0         1000         0.05         0.06         0.05
            1         1000         0.48         0.49         0.48
            2         1000         0.49         0.49         0.49
            4         1000         0.52         0.52         0.52
            8         1000         0.52         0.54         0.53
           16         1000         0.51         0.53         0.52
           32         1000         0.54         0.55         0.54
           64         1000         0.58         0.59         0.58
          128         1000         0.61         0.61         0.61
          256         1000         0.67         0.67         0.67
          512         1000         0.80         0.80         0.80
         1024         1000         0.83         0.84         0.83
         2048         1000         1.06         1.06         1.06
         4096         1000         1.28         1.28         1.28
         8192         1000         2.14         2.14         2.14
        16384         1000         3.66         3.66         3.66
        32768         1000         6.70         6.70         6.70
        65536          640        18.38        18.43        18.41
       131072          320        37.39        37.40        37.39
       262144          160        73.89        73.92        73.91
       524288           80       137.61       137.61       137.61
      1048576           40       263.94       263.95       263.94
      2097152           20       521.15       521.18       521.17
      4194304           10      2092.00      2096.18      2094.09

#----------------------------------------------------------------
# Benchmarking Allgather 
# #processes = 4 
# ( 1004 additional processes waiting in MPI_Barrier)
#----------------------------------------------------------------
       #bytes #repetitions  t_min[usec]  t_max[usec]  t_avg[usec]
            0         1000         0.06         0.06         0.06
            1         1000         0.91         0.92         0.92
            2         1000         0.86         0.87         0.86
            4         1000         0.89         0.90         0.90
            8         1000         0.89         0.90         0.89
           16         1000         0.89         0.90         0.90
           32         1000         0.95         0.97         0.96
           64         1000         0.99         1.01         1.00
          128         1000         1.03         1.05         1.04
          256         1000         1.15         1.16         1.15
          512         1000         1.34         1.35         1.35
         1024         1000         1.65         1.66         1.65
         2048         1000         2.37         2.38         2.38
         4096         1000         3.73         3.73         3.73
         8192         1000         5.58         5.59         5.58
        16384         1000         9.26         9.27         9.26
        32768         1000        17.62        17.64        17.62
        65536          640        53.77        53.80        53.78
       131072          320        96.73        96.74        96.73
       262144          160       179.23       179.27       179.24
       524288           80       336.83       337.09       336.93
      1048576           40      1230.84      1232.65      1231.80
      2097152           20      3446.36      3449.36      3447.82
      4194304           10      6950.52      6956.41      6953.43

#----------------------------------------------------------------
# Benchmarking Allgather 
# #processes = 8 
# ( 1000 additional processes waiting in MPI_Barrier)
#----------------------------------------------------------------
       #bytes #repetitions  t_min[usec]  t_max[usec]  t_avg[usec]
            0         1000         0.05         0.06         0.06
            1         1000         1.69         1.70         1.69
            2         1000         1.67         1.69         1.68
            4         1000         1.71         1.73         1.72
            8         1000         1.75         1.78         1.76
           16         1000         1.75         1.76         1.75
           32         1000         1.92         1.93         1.92
           64         1000         2.01         2.01         2.01
          128         1000         2.32         2.33         2.32
          256         1000         2.71         2.72         2.72
          512         1000         3.30         3.32         3.31
         1024         1000         4.59         4.60         4.60
         2048         1000         6.78         6.80         6.79
         4096         1000        13.64        13.65        13.64
         8192         1000        21.97        21.98        21.98
        16384         1000        39.37        39.40        39.38
        32768         1000        77.97        78.01        77.99
        65536          640       193.91       194.00       193.96
       131072          320       367.54       367.92       367.74
       262144          160       817.02       818.38       817.71
       524288           80      2362.38      2367.83      2365.34
      1048576           40      5343.45      5366.55      5356.82
      2097152           20     11447.44     11510.03     11487.80
      4194304           10     24670.96     24972.61     24831.47

#----------------------------------------------------------------
# Benchmarking Allgather 
# #processes = 16 
# ( 992 additional processes waiting in MPI_Barrier)
#----------------------------------------------------------------
       #bytes #repetitions  t_min[usec]  t_max[usec]  t_avg[usec]
            0         1000         0.04         0.06         0.06
            1         1000         2.53         2.55         2.54
            2         1000         2.55         2.56         2.56
            4         1000         2.72         2.73         2.72
            8         1000         2.72         2.74         2.73
           16         1000         2.75         2.77         2.76
           32         1000         3.07         3.09         3.08
           64         1000         3.43         3.45         3.44
          128         1000         3.97         3.99         3.98
          256         1000         4.98         5.00         4.99
          512         1000         6.96         6.98         6.97
         1024         1000        10.56        10.58        10.57
         2048         1000        19.53        19.55        19.54
         4096         1000        30.02        30.05        30.04
         8192         1000        48.22        48.25        48.23
        16384         1000        90.26        90.30        90.28
        32768         1000       164.60       164.66       164.63
        65536          640       418.79       418.96       418.88
       131072          320       700.69       701.33       701.01
       262144          160      2435.15      2438.05      2436.93
       524288           80      4915.88      4928.59      4923.29
      1048576           40     11800.36     11861.68     11836.34
      2097152           20     24903.45     25169.40     25058.46
      4194304           10     50776.22     51657.77     51252.09

#----------------------------------------------------------------
# Benchmarking Allgather 
# #processes = 32 
# ( 976 additional processes waiting in MPI_Barrier)
#----------------------------------------------------------------
       #bytes #repetitions  t_min[usec]  t_max[usec]  t_avg[usec]
            0         1000         0.04         0.07         0.06
            1         1000        12.34        12.47        12.44
            2         1000        13.24        13.37        13.35
            4         1000        13.61        13.65        13.64
            8         1000        15.08        15.13        15.11
           16         1000        17.62        17.94        17.89
           32         1000        20.09        20.30        20.25
           64         1000        25.20        25.51        25.45
          128         1000        37.19        37.43        37.36
          256         1000        42.14        42.18        42.16
          512         1000        45.52        45.56        45.54
         1024         1000        47.16        47.20        47.18
         2048         1000        89.82        89.89        89.86
         4096         1000       141.52       141.64       141.59
         8192         1000       246.95       247.12       247.03
        16384         1000       441.60       441.89       441.75
        32768         1000       560.84       561.18       561.02
        65536          640       929.94       930.44       930.21
       131072          320      2346.79      2348.58      2347.83
       262144          160      5008.89      5017.29      5013.59
       524288           80     10413.53     10449.55     10433.67
      1048576           40     23692.73     23864.75     23790.65
      2097152           20     50267.46     51013.67     50689.58
      4194304           10    105470.73    108354.88    107150.23

#----------------------------------------------------------------
# Benchmarking Allgather 
# #processes = 64 
# ( 944 additional processes waiting in MPI_Barrier)
#----------------------------------------------------------------
       #bytes #repetitions  t_min[usec]  t_max[usec]  t_avg[usec]
            0         1000         0.04         0.07         0.06
            1         1000        19.66        19.77        19.75
            2         1000        20.24        20.35        20.32
            4         1000        21.46        21.57        21.54
            8         1000        24.22        24.55        24.50
           16         1000        26.73        26.97        26.92
           32         1000        33.21        33.52        33.45
           64         1000        44.71        45.02        44.96
          128         1000        66.73        66.98        66.92
          256         1000       104.40       104.52       104.45
          512         1000        90.26        90.32        90.30
         1024         1000        96.97        97.02        97.00
         2048         1000       186.78       186.89       186.83
         4096         1000       288.34       288.53       288.45
         8192         1000       481.97       482.30       482.14
        16384         1000       945.19       945.55       945.39
        32768         1000      1227.24      1227.99      1227.64
        65536          640      2533.14      2534.23      2533.65
       131072          320      4835.68      4839.80      4837.63
       262144          160     10799.09     10817.25     10808.18
       524288           80     21410.61     21495.09     21455.16
      1048576           40     51396.71     51606.68     51517.72
      2097152           20    102564.44    103998.04    103275.46
      4194304           10    211416.53    215239.00    213386.56

#----------------------------------------------------------------
# Benchmarking Allgather 
# #processes = 128 
# ( 880 additional processes waiting in MPI_Barrier)
#----------------------------------------------------------------
       #bytes #repetitions  t_min[usec]  t_max[usec]  t_avg[usec]
            0         1000         0.04         0.07         0.06
            1         1000        25.43        25.55        25.52
            2         1000        26.06        26.20        26.17
            4         1000        29.19        29.53        29.47
            8         1000        32.15        32.44        32.38
           16         1000        36.82        37.15        37.08
           32         1000        80.77        81.10        81.02
           64         1000        41.49        41.52        41.50
          128         1000       127.02       127.16       127.09
          256         1000       153.11       153.25       153.18
          512         1000       208.70       208.85       208.78
         1024         1000       197.99       198.06       198.03
         2048         1000       376.65       376.84       376.76
         4096         1000       586.53       586.82       586.69
         8192         1000      1080.20      1080.72      1080.46
        16384         1000      2026.56      2027.17      2026.85
        32768         1000      3861.50      3863.93      3863.15
        65536          640      5240.53      5242.05      5241.29
       131072          320      9906.28      9914.56      9910.21
       262144          160     21105.39     21142.57     21124.79
       524288           80     43540.72     43719.40     43632.97
      1048576           40     99459.21    100199.00     99865.58
      2097152           20    206952.46    210151.91    208478.53
      4194304           10    421447.01    432422.30    426859.54

#----------------------------------------------------------------
# Benchmarking Allgather 
# #processes = 256 
# ( 752 additional processes waiting in MPI_Barrier)
#----------------------------------------------------------------
       #bytes #repetitions  t_min[usec]  t_max[usec]  t_avg[usec]
            0         1000         0.04         0.07         0.06
            1         1000        48.51        48.65        48.62
            2         1000        52.69        53.04        52.97
            4         1000        21.49        21.54        21.52
            8         1000        24.29        24.33        24.31
           16         1000        33.58        33.62        33.60
           32         1000        74.60        74.65        74.63
           64         1000       185.43       185.65       185.55
          128         1000       244.29       244.48       244.38
          256         1000       269.12       269.34       269.24
          512         1000       395.30       395.52       395.43
         1024         1000       397.12       397.26       397.20
         2048         1000       830.42       830.73       830.60
         4096         1000      1204.44      1204.73      1204.56
         8192         1000      2360.47      2361.27      2360.90
        16384         1000      4563.73      4565.59      4564.88
        32768         1000      7606.41      7635.04      7621.28
        65536          640     11292.75     11297.49     11295.14
       131072          320     21216.13     21234.67     21225.42
       262144          160     46283.01     46430.60     46374.70
       524288           80     88580.51     88832.15     88727.05
      1048576           40    202253.97    203369.96    202726.57
      2097152           20    410853.60    413535.92    412223.22
      4194304 out-of-mem.; needed X=   1.005 GB; use flag "-mem X" or MAX_MEM_USAGE>=X (IMB_mem_info.h)

#----------------------------------------------------------------
# Benchmarking Allgather 
# #processes = 512 
# ( 496 additional processes waiting in MPI_Barrier)
#----------------------------------------------------------------
       #bytes #repetitions  t_min[usec]  t_max[usec]  t_avg[usec]
            0         1000         0.04         0.08         0.06
            1         1000        24.08        24.12        24.11
            2         1000        25.05        25.10        25.08
            4         1000        53.64        53.69        53.67
            8         1000        41.07        41.12        41.09
           16         1000        64.58        64.65        64.62
           32         1000       117.64       117.73       117.69
           64         1000       354.39       354.55       354.48
          128         1000       426.74       427.08       426.92
          256         1000       571.28       571.66       571.49
          512         1000       789.26       789.72       789.52
         1024         1000      1051.19      1051.65      1051.39
         2048         1000      1946.80      1947.82      1947.26
         4096         1000      3153.66      3155.52      3154.67
         8192         1000      6013.99      6021.03      6017.40
        16384          937     10732.46     10739.95     10736.55
        32768          634     16201.46     16214.62     16208.78
        65536          406     24426.63     24446.47     24436.35
       131072          230     44642.69     44667.92     44655.37
       262144          109     89437.22     89712.94     89574.92
       524288           57    173496.86    174066.37    173791.66
      1048576           25    405180.19    409345.56    407327.98
      2097152 out-of-mem.; needed X=   1.003 GB; use flag "-mem X" or MAX_MEM_USAGE>=X (IMB_mem_info.h)
      4194304 out-of-mem.; needed X=   2.005 GB; use flag "-mem X" or MAX_MEM_USAGE>=X (IMB_mem_info.h)

#----------------------------------------------------------------
# Benchmarking Allgather 
# #processes = 1008 
#----------------------------------------------------------------
       #bytes #repetitions  t_min[usec]  t_max[usec]  t_avg[usec]
            0         1000         0.04         0.08         0.06
            1         1000        68.47        68.52        68.49
            2         1000        48.43        48.48        48.46
            4         1000        89.44        89.49        89.46
            8         1000       100.95       101.38       101.20
           16         1000       204.32       204.55       204.39
           32         1000       426.77       427.87       426.95
           64         1000       599.11       599.67       599.50
          128         1000       822.25       822.87       822.59
          256         1000      1055.41      1056.10      1055.80
          512         1000      1584.92      1585.28      1585.19
         1024         1000      2101.30      2101.96      2101.61
         2048         1000      4413.40      4415.13      4414.29
         4096         1000      6900.54      6903.31      6901.98
srun: Job step aborted: Waiting up to 2 seconds for job step to finish.
slurmd[mpp2r02c04s01]: *** STEP 26215.0 CANCELLED AT 2015-11-22T08:40:46 DUE TO TIME LIMIT ***
slurmd[mpp2r02c04s01]: *** JOB 26215 CANCELLED AT 2015-11-22T08:40:46 DUE TO TIME LIMIT ***
srun: got SIGCONT
srun: forcing job termination
