/var/slurmd-mpp2/job26216/slurm_script: line 16: cd: /gpfs/scratch/t1221/t1221ag/mydata: No such file or directory
 benchmarks to run iallgather 
#------------------------------------------------------------
#    Intel (R) MPI Benchmarks 4.1, MPI-NBC part  
#------------------------------------------------------------
# Date                  : Sun Nov 22 08:40:51 2015
# Machine               : x86_64
# System                : Linux
# Release               : 3.0.101-0.46-default
# Version               : #1 SMP Wed Dec 17 11:04:10 UTC 2014 (8356111)
# MPI Version           : 3.0
# MPI Thread Environment: 

# New default behavior from Version 3.2 on:

# the number of iterations per message size is cut down 
# dynamically when a certain run time (per message size sample) 
# is expected to be exceeded. Time limit is defined by variable 
# "SECS_PER_SAMPLE" (=> IMB_settings.h) 
# or through the flag => -time 
  


# Calling sequence was: 

# /home/hpc/t1221/t1221ag/Tutorial3/exercise2/imb/src/IMB-NBC iallgather

# Minimum message length in bytes:   0
# Maximum message length in bytes:   4194304
#
# MPI_Datatype                   :   MPI_BYTE 
# MPI_Datatype for reductions    :   MPI_FLOAT
# MPI_Op                         :   MPI_SUM  
#
#

# List of Benchmarks to run:

# Iallgather

#-----------------------------------------------------------------------------
# Benchmarking Iallgather 
# #processes = 2 
# ( 1006 additional processes waiting in MPI_Barrier)
#-----------------------------------------------------------------------------
       #bytes #repetitions t_ovrl[usec] t_pure[usec]  t_CPU[usec]   overlap[%]
            0         1000         0.49         0.29         0.18         0.00
            1         1000         1.43         0.78         0.56         0.00
            2         1000         1.42         0.79         0.55         0.00
            4         1000         1.43         0.79         0.56         0.00
            8         1000         1.42         0.79         0.55         0.00
           16         1000         1.43         0.79         0.56         0.00
           32         1000         1.45         0.81         0.55         0.00
           64         1000         1.45         0.81         0.56         0.00
          128         1000         1.54         0.82         0.63         0.00
          256         1000         1.58         0.85         0.63         0.00
          512         1000         1.82         0.99         0.75         0.00
         1024         1000         1.94         1.03         0.84         0.00
         2048         1000         2.22         1.20         0.97         0.00
         4096         1000         3.06         1.63         1.44         0.21
         8192         1000         4.63         2.43         2.20         0.00
        16384         1000         7.79         3.99         3.76         0.00
        32768         1000        13.97         7.06         6.91         0.00
        65536          640        38.33        19.41        19.24         1.63
       131072          320        75.32        37.67        37.53         0.00
       262144          160       148.26        74.25        74.06         0.06
       524288           80       275.16       137.72       137.63         0.14
      1048576           40       528.07       264.23       263.97         0.05
      2097152           20      1045.05       522.20       522.14         0.00
      4194304           10      4240.01      2109.31      2123.21         0.00

#-----------------------------------------------------------------------------
# Benchmarking Iallgather 
# #processes = 4 
# ( 1004 additional processes waiting in MPI_Barrier)
#-----------------------------------------------------------------------------
       #bytes #repetitions t_ovrl[usec] t_pure[usec]  t_CPU[usec]   overlap[%]
            0         1000         0.49         0.29         0.18         0.00
            1         1000         2.49         1.29         1.09         0.00
            2         1000         2.35         1.26         1.03         0.00
            4         1000         2.33         1.23         1.03         0.00
            8         1000         2.34         1.25         1.03         0.00
           16         1000         2.45         1.32         1.09         0.00
           32         1000         2.37         1.28         1.04         0.00
           64         1000         2.38         1.28         1.03         0.00
          128         1000         2.45         1.33         1.10         0.00
          256         1000         2.75         1.44         1.23         0.00
          512         1000         3.02         1.62         1.41         0.13
         1024         1000         3.50         1.82         1.58         0.00
         2048         1000         4.74         2.41         2.19         0.00
         4096         1000         6.79         3.49         3.30         0.22
         8192         1000        10.47         5.31         5.14         0.00
        16384         1000        18.49         9.45         9.26         2.33
        32768         1000        46.46        23.54        23.39         2.01
        65536          640       101.87        50.96        50.79         0.00
       131072          320       192.83        97.59        97.42         2.22
       262144          160       359.04       180.36       180.18         0.83
       524288           80       675.82       339.80       339.60         1.05
      1048576           40      2422.90      1214.31      1215.42         0.56
      2097152           20      6853.60      3430.06      3435.73         0.35
      4194304           10     13910.60      6969.90      6972.05         0.45

#-----------------------------------------------------------------------------
# Benchmarking Iallgather 
# #processes = 8 
# ( 1000 additional processes waiting in MPI_Barrier)
#-----------------------------------------------------------------------------
       #bytes #repetitions t_ovrl[usec] t_pure[usec]  t_CPU[usec]   overlap[%]
            0         1000         0.49         0.29         0.17         0.00
            1         1000         4.29         2.24         2.05         0.15
            2         1000         4.30         2.22         1.98         0.00
            4         1000         4.28         2.22         1.98         0.00
            8         1000         4.18         2.15         1.91         0.00
           16         1000         4.28         2.19         1.99         0.00
           32         1000         4.58         2.32         2.10         0.00
           64         1000         4.63         2.38         2.22         0.00
          128         1000         5.20         2.58         2.40         0.00
          256         1000         5.99         3.03         2.83         0.00
          512         1000         7.04         3.54         3.34         0.00
         1024         1000         9.05         4.60         4.37         0.00
         2048         1000        13.14         6.63         6.41         0.00
         4096         1000        20.91        10.52        10.36         0.00
         8192         1000        35.77        17.84        17.71         0.00
        16384         1000        76.91        38.94        38.76         2.03
        32768         1000       150.77        76.75        76.62         3.38
        65536          640       387.08       193.78       193.67         0.19
       131072          320       738.42       370.05       369.90         0.41
       262144          160      1492.45       797.89       797.73        12.93
       524288           80      4535.09      2354.76      2356.41         7.47
      1048576           40     10289.57      5293.60      5293.61         5.62
      2097152           20     22269.95     11585.70     11591.59         7.83
      4194304           10     48358.89     24758.01     24781.61         4.76

#-----------------------------------------------------------------------------
# Benchmarking Iallgather 
# #processes = 16 
# ( 992 additional processes waiting in MPI_Barrier)
#-----------------------------------------------------------------------------
       #bytes #repetitions t_ovrl[usec] t_pure[usec]  t_CPU[usec]   overlap[%]
            0         1000         0.50         0.29         0.18         0.00
            1         1000         5.59         2.87         2.69         0.00
            2         1000         5.57         2.91         2.69         0.83
            4         1000         5.77         2.96         2.76         0.00
            8         1000         6.05         3.08         2.88         0.00
           16         1000         5.98         3.03         2.81         0.00
           32         1000         6.41         3.29         3.08         0.00
           64         1000         7.16         3.65         3.44         0.00
          128         1000         8.25         4.22         4.04         0.09
          256         1000        10.05         5.09         4.94         0.00
          512         1000        13.33         6.77         6.52         0.00
         1024         1000        18.84         9.70         9.53         3.98
         2048         1000        34.96        19.14        18.95        16.34
         4096         1000        69.51        41.34        41.14        31.36
         8192         1000       129.64        71.08        70.92        17.39
        16384         1000       263.33       145.89       145.73        19.39
        32768         1000       333.01       166.72       166.59         0.18
        65536          640       742.14       373.08       373.05         1.07
       131072          320      1541.32       722.92       722.91         0.00
       262144          160      4752.63      2483.40      2483.97         8.65
       524288           80     10042.20      5102.31      5106.55         3.26
      1048576           40     23034.59     11907.92     11915.12         6.62
      2097152           20     50428.15     24692.11     25436.88         0.00
      4194304           10    103596.40     52536.20     52565.72         2.86

#-----------------------------------------------------------------------------
# Benchmarking Iallgather 
# #processes = 32 
# ( 976 additional processes waiting in MPI_Barrier)
#-----------------------------------------------------------------------------
       #bytes #repetitions t_ovrl[usec] t_pure[usec]  t_CPU[usec]   overlap[%]
            0         1000         0.49         0.28         0.18         0.00
            1         1000        12.92         6.57         6.34         0.00
            2         1000        12.86         6.63         6.41         2.69
            4         1000        12.93         6.59         6.42         1.26
            8         1000        13.15         6.76         6.57         2.56
           16         1000        13.58         6.98         6.76         2.35
           32         1000        14.36         7.37         7.18         2.53
           64         1000        15.76         8.16         7.99         4.70
          128         1000        18.74         9.79         9.59         6.47
          256         1000        25.07        13.31        13.12        10.27
          512         1000        39.83        21.41        21.20        12.97
         1024         1000        77.13        40.94        40.80        11.25
         2048         1000       165.25        88.65        88.56        13.49
         4096         1000       278.46       151.62       151.48        16.26
         8192         1000       486.03       284.54       286.86        29.76
        16384         1000       918.49       443.81       444.00         0.00
        32768         1000      1117.02       559.02       559.91         0.34
        65536          640      1998.33      1009.23      1023.92         3.40
       131072          320      4682.20      2341.75      2343.93         0.15
       262144          160      9962.97      5007.82      5015.01         1.19
       524288           80     20722.14     10473.99     10480.48         2.22
      1048576           40     48502.02     24405.52     24418.47         1.32
      2097152           20     99770.80     52081.50     52086.09         8.44
      4194304           10    207738.80    105884.72    105762.65         3.69

#-----------------------------------------------------------------------------
# Benchmarking Iallgather 
# #processes = 64 
# ( 944 additional processes waiting in MPI_Barrier)
#-----------------------------------------------------------------------------
       #bytes #repetitions t_ovrl[usec] t_pure[usec]  t_CPU[usec]   overlap[%]
            0         1000         0.52         0.28         0.18         0.00
            1         1000        20.18        10.22        10.02         0.58
            2         1000        19.92        10.25        10.09         4.20
            4         1000        20.52        10.44        10.31         2.23
            8         1000        21.10        10.90        10.66         4.12
           16         1000        22.82        11.57        11.84         5.04
           32         1000        25.21        13.36        13.21        10.21
           64         1000        35.20        19.39        19.26        17.84
          128         1000        51.72        31.02        30.84        32.66
          256         1000       100.94        55.62        55.45        18.21
          512         1000       166.19       104.67       104.59        41.14
         1024         1000       511.77       273.01       272.97        12.53
         2048         1000      1000.15       546.63       546.58        17.03
         4096         1000      1820.13      1009.35      1009.26        19.66
         8192         1000      1000.14       515.34       515.06         5.87
        16384         1000      1869.12       923.91       923.96         0.00
        32768         1000      2696.62      1317.88      1318.59         0.00
        65536          640      5066.20      2551.72      2554.92         1.58
       131072          320      9863.35      4893.46      4895.79         0.00
       262144          160     21218.63     10803.86     10809.56         3.65
       524288           80     45500.89     21626.04     21924.47         0.00
      1048576           40     98648.41     49207.99     49255.76         0.00
      2097152           20    204074.39    102996.31    103111.79         1.97
      4194304           10    425732.11    214540.27    214200.28         1.40

#-----------------------------------------------------------------------------
# Benchmarking Iallgather 
# #processes = 128 
# ( 880 additional processes waiting in MPI_Barrier)
#-----------------------------------------------------------------------------
       #bytes #repetitions t_ovrl[usec] t_pure[usec]  t_CPU[usec]   overlap[%]
            0         1000         0.51         0.29         0.18         0.00
            1         1000        27.22        14.22        14.08         7.56
            2         1000        27.37        13.99        13.84         3.23
            4         1000        27.96        14.41        14.21         4.55
            8         1000        30.08        15.87        15.72         9.54
           16         1000        33.33        17.66        17.47        10.18
           32         1000        46.08        25.77        25.66        20.74
           64         1000        78.28        42.26        42.11        14.43
          128         1000       157.19        75.36        75.27         0.00
          256         1000       268.30       144.06       143.92        13.66
          512         1000       720.32       383.36       397.50        15.23
         1024         1000      1277.26       766.52       766.63        33.38
         2048         1000      2570.95      1510.94      1511.24        29.86
         4096         1000      1315.76       645.74       645.70         0.00
         8192         1000      2228.17      1064.70      1065.03         0.00
        16384         1000      4036.29      2021.93      2022.12         0.38
        32768         1000      7036.76      3474.87      3476.59         0.00
        65536          640     10621.92      5264.22      5266.08         0.00
       131072          320     20075.01      9818.21      9821.10         0.00
       262144          160     41875.15     20966.39     20976.33         0.32
       524288           80     86297.83     43177.11     43184.66         0.15
      1048576           40    202820.37    102927.30    102944.31         2.96
      2097152           20    409772.80    205363.70    206145.29         0.84
      4194304           10    858639.41    430398.56    430722.76         0.58

#-----------------------------------------------------------------------------
# Benchmarking Iallgather 
# #processes = 256 
# ( 752 additional processes waiting in MPI_Barrier)
#-----------------------------------------------------------------------------
       #bytes #repetitions t_ovrl[usec] t_pure[usec]  t_CPU[usec]   overlap[%]
            0         1000         0.59         0.35         0.22         0.00
            1         1000        35.77        18.35        18.15         4.00
            2         1000        36.16        18.41        18.21         2.48
            4         1000        38.71        19.58        19.39         1.32
            8         1000        45.95        24.61        24.38        12.33
           16         1000        56.09        30.83        30.62        17.37
           32         1000       111.65        73.51        73.33        47.86
           64         1000       172.23       109.73       109.61        42.93
          128         1000       304.39       193.15       193.16        42.41
          256         1000       783.44       406.04       405.94         7.03
          512         1000      1726.08       900.42       900.76         8.34
         1024         1000      3280.56      1791.85      1792.65        16.95
         2048         1000      1672.36       795.41       795.36         0.00
         4096         1000      2578.84      1269.59      1269.74         0.00
         8192         1000      4659.41      2287.13      2287.61         0.00
        16384         1000      9659.44      4905.38      4909.37         3.16
        32768         1000     15409.76      7750.31      7754.33         1.22
        65536          640     22925.17     11441.78     11445.57         0.00
       131072          320     45073.22     20857.56     20871.77         0.00
       262144          160     91263.54     44320.64     44360.81         0.00
       524288           80    177692.69     86321.05     86345.82         0.00
      1048576           40    400850.60    200316.24    201622.39         0.54
      2097152           20    827484.74    413892.48    413784.52         0.05
      4194304 out-of-mem.; needed X=   1.005 GB; use flag "-mem X" or MAX_MEM_USAGE>=X (IMB_mem_info.h)

#-----------------------------------------------------------------------------
# Benchmarking Iallgather 
# #processes = 512 
# ( 496 additional processes waiting in MPI_Barrier)
#-----------------------------------------------------------------------------
       #bytes #repetitions t_ovrl[usec] t_pure[usec]  t_CPU[usec]   overlap[%]
            0         1000         0.59         0.35         0.23         0.00
            1         1000        50.10        24.83        24.66         0.00
            2         1000       103.33        49.47        49.26         0.00
            4         1000        55.09        29.45        29.25        12.26
            8         1000        94.17        62.71        62.55        49.57
           16         1000        97.76        53.56        53.40        17.19
           32         1000       162.19        94.62        94.44        28.40
           64         1000       306.88       179.70       179.62        29.18
          128         1000       886.37       477.11       476.98        14.19
          256         1000      1964.34      1102.69      1102.41        21.83
          512         1000      3620.43      2116.54      2120.75        29.09
         1024         1000      2197.15      1000.88      1000.68         0.00
         2048         1000      4148.56      1957.15      1956.91         0.00
         4096         1000      6632.78      3213.06      3214.10         0.00
         8192         1000     12340.14      6003.79      6005.91         0.00
        16384          905     22052.58     10690.71     10699.91         0.00
        32768          648     34810.49     16927.13     16928.39         0.00
        65536          420     50805.46     24418.22     24424.98         0.00
       131072          225     93385.47     42847.56     42850.29         0.00
       262144          115    180989.09     87655.12     87657.65         0.00
       524288 time-out.; Time limit (secs_per_sample * msg_sizes_list_len) is over; use "-time X" or SECS_PER_SAMPLE=X (IMB_settings.h) to increase time limit.

#-----------------------------------------------------------------------------
# Benchmarking Iallgather 
# #processes = 1008 
#-----------------------------------------------------------------------------
       #bytes #repetitions t_ovrl[usec] t_pure[usec]  t_CPU[usec]   overlap[%]
            0         1000         0.58         0.35         0.22         0.00
            1         1000       140.14       103.28       103.10        64.14
            2         1000        69.89        35.92        35.74         4.91
            4         1000        91.37        49.26        49.05        14.09
            8         1000       153.30        72.64        72.50         0.00
           16         1000       284.72       160.68       160.58        22.74
           32         1000       691.99       335.01       335.08         0.00
           64         1000      1799.23       927.33       927.97         6.04
          128         1000      4378.74      1977.61      1977.38         0.00
          256         1000      4299.51      1900.91      1900.55         0.00
          512         1000      4552.42      2019.32      2018.81         0.00
         1024         1000      5078.37      2418.50      2417.85         0.00
         2048         1000      9278.36      4287.29      4289.08         0.00
         4096         1000     15158.30      7040.22      7041.39         0.00
         8192          731     26528.07     12614.37     12616.06         0.00
        16384          479     45369.13     21681.46     21689.98         0.00
        32768          277     74383.50     36373.10     36362.18         0.00
        65536          191     99823.30     48403.16     48391.50         0.00
       131072 time-out.; Time limit (secs_per_sample * msg_sizes_list_len) is over; use "-time X" or SECS_PER_SAMPLE=X (IMB_settings.h) to increase time limit.


# All processes entering MPI_Finalize

