/var/slurmd-mpp2/job25952/slurm_script: line 16: cd: /gpfs/scratch/t1221/t1221ag/mydata: No such file or directory
 benchmarks to run sendrecv 
#------------------------------------------------------------
#    Intel (R) MPI Benchmarks 4.1, MPI-1 part    
#------------------------------------------------------------
# Date                  : Fri Nov 20 01:19:50 2015
# Machine               : x86_64
# System                : Linux
# Release               : 3.0.101-0.46-default
# Version               : #1 SMP Wed Dec 17 11:04:10 UTC 2014 (8356111)
# MPI Version           : 3.0
# MPI Thread Environment: 

# New default behavior from Version 3.2 on:

# the number of iterations per message size is cut down 
# dynamically when a certain run time (per message size sample) 
# is expected to be exceeded. Time limit is defined by variable 
# "SECS_PER_SAMPLE" (=> IMB_settings.h) 
# or through the flag => -time 
  


# Calling sequence was: 

# /home/hpc/t1221/t1221ag/Tutorial3/exercise2/imb/src/IMB-MPI1 sendrecv

# Minimum message length in bytes:   0
# Maximum message length in bytes:   4194304
#
# MPI_Datatype                   :   MPI_BYTE 
# MPI_Datatype for reductions    :   MPI_FLOAT
# MPI_Op                         :   MPI_SUM  
#
#

# List of Benchmarks to run:

# Sendrecv

#-----------------------------------------------------------------------------
# Benchmarking Sendrecv 
# #processes = 2 
# ( 110 additional processes waiting in MPI_Barrier)
#-----------------------------------------------------------------------------
       #bytes #repetitions  t_min[usec]  t_max[usec]  t_avg[usec]   Mbytes/sec
            0         1000         0.47         0.47         0.47         0.00
            1         1000         0.51         0.51         0.51         3.74
            2         1000         0.51         0.51         0.51         7.52
            4         1000         0.51         0.51         0.51        14.96
            8         1000         0.49         0.49         0.49        31.14
           16         1000         0.49         0.49         0.49        62.17
           32         1000         0.51         0.51         0.51       119.18
           64         1000         0.51         0.51         0.51       237.92
          128         1000         0.55         0.55         0.55       446.19
          256         1000         0.59         0.59         0.59       831.84
          512         1000         0.69         0.69         0.69      1409.01
         1024         1000         0.78         0.78         0.78      2517.52
         2048         1000         0.95         0.95         0.95      4108.32
         4096         1000         1.42         1.42         1.42      5512.79
         8192         1000         2.28         2.28         2.28      6862.41
        16384         1000         5.06         5.06         5.06      6178.56
        32768         1000         6.58         6.58         6.58      9501.41
        65536          640        18.64        18.65        18.65      6703.51
       131072          320        33.14        33.15        33.14      7542.19
       262144          160        59.12        59.14        59.13      8454.77
       524288           80        99.96       100.00        99.98      9999.83
      1048576           40       185.90       186.00       185.95     10752.56
      2097152           20       363.46       363.65       363.55     10999.65
      4194304           10       799.42       802.42       800.92      9969.82

#-----------------------------------------------------------------------------
# Benchmarking Sendrecv 
# #processes = 4 
# ( 108 additional processes waiting in MPI_Barrier)
#-----------------------------------------------------------------------------
       #bytes #repetitions  t_min[usec]  t_max[usec]  t_avg[usec]   Mbytes/sec
            0         1000         0.49         0.49         0.49         0.00
            1         1000         0.43         0.43         0.43         4.42
            2         1000         0.43         0.43         0.43         8.87
            4         1000         0.52         0.52         0.52        14.65
            8         1000         0.43         0.43         0.43        35.24
           16         1000         0.43         0.43         0.43        70.84
           32         1000         0.45         0.45         0.45       134.74
           64         1000         0.48         0.48         0.48       255.87
          128         1000         0.49         0.49         0.49       500.49
          256         1000         0.51         0.51         0.51       959.25
          512         1000         0.64         0.64         0.64      1535.81
         1024         1000         0.97         0.97         0.97      2011.29
         2048         1000         0.85         0.85         0.85      4607.42
         4096         1000         1.21         1.21         1.21      6461.84
         8192         1000         2.10         2.10         2.10      7447.27
        16384         1000         3.21         3.21         3.21      9720.56
        32768         1000         5.83         5.83         5.83     10727.78
        65536          640        15.72        15.73        15.72      7947.71
       131072          320        29.74        29.79        29.77      8391.96
       262144          160        55.40        55.42        55.41      9021.22
       524288           80       102.00       102.26       102.07      9778.93
      1048576           40       198.53       198.90       198.64     10055.27
      2097152           20       451.85       454.31       453.05      8804.63
      4194304           10      1466.01      1474.00      1470.03      5427.41

#-----------------------------------------------------------------------------
# Benchmarking Sendrecv 
# #processes = 8 
# ( 104 additional processes waiting in MPI_Barrier)
#-----------------------------------------------------------------------------
       #bytes #repetitions  t_min[usec]  t_max[usec]  t_avg[usec]   Mbytes/sec
            0         1000         0.55         0.55         0.55         0.00
            1         1000         0.55         0.55         0.55         3.46
            2         1000         0.60         0.60         0.60         6.32
            4         1000         0.62         0.62         0.62        12.30
            8         1000         0.55         0.56         0.55        27.49
           16         1000         0.55         0.55         0.55        55.17
           32         1000         0.65         0.65         0.65        94.05
           64         1000         0.65         0.65         0.65       187.20
          128         1000         0.67         0.67         0.67       363.89
          256         1000         0.75         0.75         0.75       651.81
          512         1000         0.87         0.87         0.87      1122.50
         1024         1000         1.50         1.50         1.50      1302.18
         2048         1000         1.60         1.60         1.60      2444.64
         4096         1000         2.35         2.35         2.35      3318.95
         8192         1000         3.60         3.61         3.61      4329.52
        16384         1000         6.45         6.46         6.45      4838.21
        32768         1000        11.64        11.69        11.67      5346.93
        65536          640        27.83        27.92        27.87      4477.57
       131072          320        51.41        51.74        51.58      4832.08
       262144          160        98.71       100.06        99.41      4996.86
       524288           80       180.93       185.90       183.51      5379.21
      1048576           40       344.32       360.07       352.51      5554.45
      2097152           20      1347.49      1424.35      1393.87      2808.30
      4194304           10      2814.60      3222.70      3034.91      2482.39

#-----------------------------------------------------------------------------
# Benchmarking Sendrecv 
# #processes = 16 
# ( 96 additional processes waiting in MPI_Barrier)
#-----------------------------------------------------------------------------
       #bytes #repetitions  t_min[usec]  t_max[usec]  t_avg[usec]   Mbytes/sec
            0         1000         0.71         0.71         0.71         0.00
            1         1000         0.56         0.57         0.57         3.36
            2         1000         0.58         0.59         0.59         6.43
            4         1000         0.65         0.65         0.65        11.70
            8         1000         0.61         0.61         0.61        25.05
           16         1000         0.82         0.90         0.89        34.10
           32         1000         0.94         0.94         0.94        64.79
           64         1000         0.77         0.78         0.77       157.49
          128         1000         0.75         0.75         0.75       325.08
          256         1000         0.99         0.99         0.99       493.14
          512         1000         1.21         1.21         1.21       805.03
         1024         1000         1.35         1.36         1.35      1440.48
         2048         1000         1.62         1.63         1.62      2403.76
         4096         1000         2.18         2.20         2.19      3559.03
         8192         1000         3.52         3.53         3.53      4421.24
        16384         1000         5.97         5.99         5.98      5213.68
        32768         1000        10.94        10.99        10.96      5688.02
        65536          640        23.42        23.53        23.47      5312.44
       131072          320        45.47        46.00        45.73      5435.15
       262144          160        82.67        84.59        83.63      5910.59
       524288           80       143.60       146.51       145.16      6825.42
      1048576           40       338.52       372.95       356.76      5362.62
      2097152           20      1335.30      1461.40      1411.58      2737.10
      4194304           10      2952.79      3200.39      3069.13      2499.70

#-----------------------------------------------------------------------------
# Benchmarking Sendrecv 
# #processes = 32 
# ( 80 additional processes waiting in MPI_Barrier)
#-----------------------------------------------------------------------------
       #bytes #repetitions  t_min[usec]  t_max[usec]  t_avg[usec]   Mbytes/sec
            0         1000         1.54         1.58         1.57         0.00
            1         1000         1.53         1.56         1.55         1.22
            2         1000         1.53         1.56         1.54         2.45
            4         1000         1.51         1.55         1.53         4.93
            8         1000         1.53         1.56         1.54         9.80
           16         1000         1.52         1.56         1.54        19.59
           32         1000         1.56         1.60         1.58        38.27
           64         1000         1.58         1.61         1.60        75.73
          128         1000         1.62         1.66         1.64       147.34
          256         1000         1.62         1.66         1.64       295.02
          512         1000         1.68         1.71         1.70       570.16
         1024         1000         1.80         1.83         1.82      1068.34
         2048         1000         3.42         3.49         3.46      1118.29
         4096         1000         5.21         5.32         5.27      1467.44
         8192         1000         9.13         9.36         9.25      1670.09
        16384         1000        16.37        16.74        16.57      1866.35
        32768         1000        20.65        21.07        20.87      2966.44
        65536          640        28.95        29.47        29.22      4242.03
       131072          320        44.21        45.42        44.86      5503.61
       262144          160        87.98        93.42        90.94      5352.27
       524288           80       154.78       173.74       164.32      5755.87
      1048576           40       318.15       358.45       338.69      5579.57
      2097152           20      1180.65      1551.04      1418.51      2578.91
      4194304           10      2291.61      3266.10      2942.20      2449.41

#-----------------------------------------------------------------------------
# Benchmarking Sendrecv 
# #processes = 64 
# ( 48 additional processes waiting in MPI_Barrier)
#-----------------------------------------------------------------------------
       #bytes #repetitions  t_min[usec]  t_max[usec]  t_avg[usec]   Mbytes/sec
            0         1000         1.54         1.60         1.57         0.00
            1         1000         1.52         1.57         1.55         1.22
            2         1000         1.51         1.57         1.54         2.43
            4         1000         1.51         1.56         1.54         4.89
            8         1000         1.51         1.57         1.54         9.73
           16         1000         1.51         1.55         1.54        19.63
           32         1000         1.54         1.59         1.57        38.33
           64         1000         1.56         1.60         1.58        76.49
          128         1000         1.58         1.62         1.60       150.70
          256         1000         1.61         1.67         1.64       292.57
          512         1000         1.68         1.72         1.70       568.10
         1024         1000         1.89         1.95         1.92      1002.57
         2048         1000         3.41         3.49         3.46      1117.98
         4096         1000         5.23         5.37         5.30      1455.13
         8192         1000         9.36         9.63         9.51      1622.54
        16384         1000        16.46        16.89        16.69      1850.10
        32768         1000        19.45        20.03        19.76      3120.17
        65536          640        31.14        32.28        31.71      3872.37
       131072          320        52.35        56.28        54.34      4442.00
       262144          160       100.46       117.26       108.98      4263.91
       524288           80       160.19       211.05       183.58      4738.26
      1048576           40       315.70       415.85       359.13      4809.43
      2097152           20      1231.85      1545.41      1419.74      2588.32
      4194304           10      2475.00      3526.00      3054.34      2268.86

#-----------------------------------------------------------------------------
# Benchmarking Sendrecv 
# #processes = 112 
#-----------------------------------------------------------------------------
       #bytes #repetitions  t_min[usec]  t_max[usec]  t_avg[usec]   Mbytes/sec
            0         1000         1.53         1.57         1.55         0.00
            1         1000         1.53         1.59         1.56         1.20
            2         1000         1.53         1.71         1.64         2.23
            4         1000         1.52         1.57         1.54         4.87
            8         1000         1.51         1.56         1.54         9.78
           16         1000         1.52         1.56         1.54        19.56
           32         1000         1.59         1.68         1.64        36.33
           64         1000         1.56         1.60         1.58        76.15
          128         1000         1.58         1.66         1.62       146.98
          256         1000         1.62         1.75         1.70       279.67
          512         1000         1.69         1.75         1.72       558.34
         1024         1000         1.80         1.87         1.84      1043.97
         2048         1000         3.43         3.52         3.47      1110.63
         4096         1000         5.25         5.50         5.38      1420.19
         8192         1000         9.19         9.60         9.45      1626.77
        16384         1000        16.35        17.10        16.71      1827.91
        32768         1000        19.43        20.13        19.80      3105.57
        65536          640        27.82        28.72        28.22      4351.84
       131072          320        44.36        45.72        45.01      5467.83
       262144          160        90.94        98.05        94.13      5099.46
       524288           80       150.76       191.90       167.92      5211.04
      1048576           40       316.80       489.45       368.72      4086.22
      2097152           20      1216.26      1587.09      1442.56      2520.33
      4194304           10      2522.30      3410.79      3069.05      2345.50


# All processes entering MPI_Finalize

