/var/slurmd-mpp2/job26213/slurm_script: line 16: cd: /gpfs/scratch/t1221/t1221ag/mydata: No such file or directory
 benchmarks to run sendrecv 
#------------------------------------------------------------
#    Intel (R) MPI Benchmarks 4.1, MPI-1 part    
#------------------------------------------------------------
# Date                  : Sun Nov 22 08:35:22 2015
# Machine               : x86_64
# System                : Linux
# Release               : 3.0.101-0.46-default
# Version               : #1 SMP Wed Dec 17 11:04:10 UTC 2014 (8356111)
# MPI Version           : 3.0
# MPI Thread Environment: 

# New default behavior from Version 3.2 on:

# the number of iterations per message size is cut down 
# dynamically when a certain run time (per message size sample) 
# is expected to be exceeded. Time limit is defined by variable 
# "SECS_PER_SAMPLE" (=> IMB_settings.h) 
# or through the flag => -time 
  


# Calling sequence was: 

# /home/hpc/t1221/t1221ag/Tutorial3/exercise2/imb/src/IMB-MPI1 sendrecv

# Minimum message length in bytes:   0
# Maximum message length in bytes:   4194304
#
# MPI_Datatype                   :   MPI_BYTE 
# MPI_Datatype for reductions    :   MPI_FLOAT
# MPI_Op                         :   MPI_SUM  
#
#

# List of Benchmarks to run:

# Sendrecv

#-----------------------------------------------------------------------------
# Benchmarking Sendrecv 
# #processes = 2 
# ( 1006 additional processes waiting in MPI_Barrier)
#-----------------------------------------------------------------------------
       #bytes #repetitions  t_min[usec]  t_max[usec]  t_avg[usec]   Mbytes/sec
            0         1000         0.33         0.33         0.33         0.00
            1         1000         0.35         0.35         0.35         5.43
            2         1000         0.35         0.35         0.35        10.87
            4         1000         0.35         0.35         0.35        21.68
            8         1000         0.36         0.36         0.36        42.87
           16         1000         0.35         0.35         0.35        87.19
           32         1000         0.37         0.37         0.37       165.37
           64         1000         0.38         0.38         0.38       322.82
          128         1000         0.39         0.39         0.39       629.38
          256         1000         0.42         0.42         0.42      1151.21
          512         1000         0.51         0.51         0.51      1929.35
         1024         1000         0.58         0.58         0.58      3368.42
         2048         1000         0.73         0.73         0.73      5350.75
         4096         1000         1.09         1.09         1.09      7168.67
         8192         1000         1.73         1.73         1.73      9036.96
        16384         1000         2.89         2.89         2.89     10827.92
        32768         1000         5.84         5.84         5.84     10709.37
        65536          640        15.02        15.02        15.02      8322.03
       131072          320        27.51        27.53        27.52      9082.51
       262144          160        52.88        52.89        52.88      9453.02
       524288           80        97.45        97.49        97.47     10257.53
      1048576           40       186.20       186.28       186.24     10736.73
      2097152           20       366.25       366.50       366.37     10914.14
      4194304           10       784.40       787.28       785.84     10161.54

#-----------------------------------------------------------------------------
# Benchmarking Sendrecv 
# #processes = 4 
# ( 1004 additional processes waiting in MPI_Barrier)
#-----------------------------------------------------------------------------
       #bytes #repetitions  t_min[usec]  t_max[usec]  t_avg[usec]   Mbytes/sec
            0         1000         0.65         0.65         0.65         0.00
            1         1000         0.39         0.39         0.39         4.94
            2         1000         0.36         0.36         0.36        10.72
            4         1000         0.36         0.36         0.36        20.97
            8         1000         0.38         0.38         0.38        40.38
           16         1000         0.35         0.35         0.35        87.19
           32         1000         0.39         0.39         0.39       158.51
           64         1000         0.38         0.38         0.38       321.20
          128         1000         0.40         0.40         0.40       613.54
          256         1000         0.43         0.43         0.43      1146.05
          512         1000         0.51         0.51         0.51      1919.40
         1024         1000         0.76         0.76         0.76      2572.86
         2048         1000         0.79         0.79         0.79      4969.37
         4096         1000         1.13         1.13         1.13      6932.09
         8192         1000         1.78         1.78         1.78      8768.53
        16384         1000         3.01         3.01         3.01     10389.35
        32768         1000         5.53         5.53         5.53     11303.70
        65536          640        14.90        14.91        14.91      8382.32
       131072          320        27.64        27.66        27.65      9039.45
       262144          160        52.82        52.88        52.85      9456.21
       524288           80        97.94        98.04        97.99     10200.16
      1048576           40       187.92       188.37       188.07     10617.15
      2097152           20       444.40       446.20       445.41      8964.58
      4194304           10      1604.41      1610.90      1607.66      4966.17

#-----------------------------------------------------------------------------
# Benchmarking Sendrecv 
# #processes = 8 
# ( 1000 additional processes waiting in MPI_Barrier)
#-----------------------------------------------------------------------------
       #bytes #repetitions  t_min[usec]  t_max[usec]  t_avg[usec]   Mbytes/sec
            0         1000         0.53         0.53         0.53         0.00
            1         1000         0.57         0.57         0.57         3.35
            2         1000         0.52         0.52         0.52         7.28
            4         1000         0.53         0.53         0.53        14.37
            8         1000         0.55         0.55         0.55        27.75
           16         1000         0.52         0.52         0.52        58.90
           32         1000         0.62         0.62         0.62        98.61
           64         1000         0.63         0.63         0.63       194.38
          128         1000         0.64         0.64         0.64       379.12
          256         1000         0.68         0.68         0.68       712.84
          512         1000         0.84         0.84         0.84      1163.97
         1024         1000         1.22         1.23         1.22      1593.15
         2048         1000         1.25         1.25         1.25      3114.83
         4096         1000         1.81         1.81         1.81      4306.48
         8192         1000         2.98         2.99         2.98      5229.49
        16384         1000         5.23         5.24         5.24      5959.17
        32768         1000         9.81         9.83         9.82      6355.47
        65536          640        26.43        26.52        26.48      4713.43
       131072          320        51.82        52.17        52.00      4792.19
       262144          160        99.00       100.36        99.70      4981.95
       524288           80       187.78       193.13       190.60      5177.99
      1048576           40       335.30       353.38       345.34      5659.66
      2097152           20      1377.20      1445.45      1421.39      2767.31
      4194304           10      2878.90      3060.51      3005.01      2613.95

#-----------------------------------------------------------------------------
# Benchmarking Sendrecv 
# #processes = 16 
# ( 992 additional processes waiting in MPI_Barrier)
#-----------------------------------------------------------------------------
       #bytes #repetitions  t_min[usec]  t_max[usec]  t_avg[usec]   Mbytes/sec
            0         1000         0.71         0.72         0.71         0.00
            1         1000         0.65         0.65         0.65         2.93
            2         1000         0.60         0.60         0.60         6.33
            4         1000         0.58         0.58         0.58        13.11
            8         1000         0.59         0.59         0.59        25.73
           16         1000         0.59         0.59         0.59        51.45
           32         1000         0.66         0.67         0.67        91.23
           64         1000         0.71         0.72         0.71       170.72
          128         1000         0.76         0.77         0.76       319.10
          256         1000         0.82         0.82         0.82       594.66
          512         1000         1.02         1.02         1.02       955.67
         1024         1000         1.10         1.10         1.10      1773.93
         2048         1000         1.37         1.38         1.37      2837.06
         4096         1000         1.98         1.99         1.99      3920.09
         8192         1000         3.12         3.13         3.13      4985.62
        16384         1000         5.38         5.41         5.39      5780.72
        32768         1000         9.73         9.78         9.76      6389.24
        65536          640        22.05        22.20        22.13      5629.47
       131072          320        43.11        43.69        43.40      5722.11
       262144          160        82.49        84.63        83.55      5907.99
       524288           80       151.20       158.39       155.50      6313.63
      1048576           40       331.75       357.25       343.24      5598.28
      2097152           20      1329.65      1524.31      1459.12      2624.15
      4194304           10      2772.28      3330.30      3130.69      2402.18

#-----------------------------------------------------------------------------
# Benchmarking Sendrecv 
# #processes = 32 
# ( 976 additional processes waiting in MPI_Barrier)
#-----------------------------------------------------------------------------
       #bytes #repetitions  t_min[usec]  t_max[usec]  t_avg[usec]   Mbytes/sec
            0         1000         1.29         1.33         1.31         0.00
            1         1000         1.26         1.28         1.27         1.49
            2         1000         1.23         1.26         1.24         3.03
            4         1000         1.25         1.27         1.26         6.00
            8         1000         1.25         1.27         1.26        11.98
           16         1000         1.24         1.26         1.25        24.18
           32         1000         1.27         1.30         1.29        47.02
           64         1000         1.28         1.31         1.30        93.24
          128         1000         1.31         1.34         1.33       182.08
          256         1000         1.34         1.37         1.35       356.92
          512         1000         1.41         1.43         1.42       680.96
         1024         1000         1.57         1.60         1.59      1222.32
         2048         1000         2.84         2.90         2.87      1347.92
         4096         1000         4.42         4.51         4.47      1732.29
         8192         1000         8.00         8.18         8.10      1909.45
        16384         1000        13.65        13.95        13.81      2240.47
        32768         1000        18.33        18.71        18.53      3340.48
        65536          640        27.00        27.43        27.22      4557.60
       131072          320        43.32        43.89        43.64      5695.59
       262144          160        85.12        90.30        87.92      5537.13
       524288           80       149.54       166.90       158.60      5991.65
      1048576           40       320.30       371.50       342.94      5383.52
      2097152           20      1133.80      1589.19      1399.07      2517.00
      4194304           10      2274.20      3325.89      2969.79      2405.37

#-----------------------------------------------------------------------------
# Benchmarking Sendrecv 
# #processes = 64 
# ( 944 additional processes waiting in MPI_Barrier)
#-----------------------------------------------------------------------------
       #bytes #repetitions  t_min[usec]  t_max[usec]  t_avg[usec]   Mbytes/sec
            0         1000         1.28         1.33         1.31         0.00
            1         1000         1.26         1.29         1.27         1.48
            2         1000         1.23         1.27         1.25         3.00
            4         1000         1.23         1.27         1.25         6.03
            8         1000         1.24         1.28         1.26        11.97
           16         1000         1.24         1.27         1.26        23.97
           32         1000         1.26         1.30         1.28        46.81
           64         1000         1.29         1.32         1.30        92.82
          128         1000         1.33         1.37         1.35       178.46
          256         1000         1.34         1.38         1.36       354.82
          512         1000         1.43         1.45         1.44       674.91
         1024         1000         1.72         1.78         1.75      1096.07
         2048         1000         2.89         2.97         2.93      1315.67
         4096         1000         4.41         4.51         4.46      1731.83
         8192         1000         7.92         8.12         8.03      1924.25
        16384         1000        13.74        14.24        14.00      2194.08
        32768         1000        18.95        19.55        19.26      3196.25
        65536          640        30.34        31.45        30.89      3975.17
       131072          320        51.09        54.85        52.99      4558.16
       262144          160        97.56       113.28       105.50      4413.78
       524288           80       157.20       207.55       180.59      4818.13
      1048576           40       309.88       416.95       358.39      4796.71
      2097152           20      1190.50      1570.89      1414.00      2546.32
      4194304           10      2470.40      3332.09      3058.85      2400.90

#-----------------------------------------------------------------------------
# Benchmarking Sendrecv 
# #processes = 128 
# ( 880 additional processes waiting in MPI_Barrier)
#-----------------------------------------------------------------------------
       #bytes #repetitions  t_min[usec]  t_max[usec]  t_avg[usec]   Mbytes/sec
            0         1000         1.28         1.33         1.31         0.00
            1         1000         1.26         1.32         1.29         1.45
            2         1000         1.22         1.27         1.25         3.00
            4         1000         1.23         1.27         1.25         6.01
            8         1000         1.23         1.27         1.25        11.98
           16         1000         1.23         1.28         1.25        23.93
           32         1000         1.26         1.30         1.28        47.02
           64         1000         1.29         1.43         1.31        85.42
          128         1000         1.31         1.35         1.33       180.73
          256         1000         1.33         1.37         1.35       356.92
          512         1000         1.42         1.46         1.43       670.71
         1024         1000         2.13         2.30         2.22       850.67
         2048         1000         2.84         2.93         2.88      1330.95
         4096         1000         4.40         4.54         4.47      1721.19
         8192         1000         7.90         8.19         8.07      1906.67
        16384         1000        13.75        14.24        14.04      2195.29
        32768         1000        19.78        20.90        20.41      2990.29
        65536          640        26.44        26.98        26.70      4633.37
       131072          320        43.77        45.49        44.56      5495.59
       262144          160        88.74        94.30        91.65      5302.28
       524288           80       150.19       167.61       159.55      5966.19
      1048576           40       310.75       434.77       353.12      4600.09
      2097152           20      1197.45      1585.15      1436.71      2523.42
      4194304           10      2480.60      3405.00      3087.74      2349.49

#-----------------------------------------------------------------------------
# Benchmarking Sendrecv 
# #processes = 256 
# ( 752 additional processes waiting in MPI_Barrier)
#-----------------------------------------------------------------------------
       #bytes #repetitions  t_min[usec]  t_max[usec]  t_avg[usec]   Mbytes/sec
            0         1000         1.30         1.35         1.32         0.00
            1         1000         1.24         1.33         1.28         1.44
            2         1000         1.23         1.30         1.26         2.93
            4         1000         1.23         1.29         1.26         5.89
            8         1000         1.24         1.31         1.27        11.67
           16         1000         1.24         1.31         1.27        23.29
           32         1000         1.27         1.34         1.30        45.48
           64         1000         1.29         1.35         1.31        90.36
          128         1000         1.31         1.39         1.34       175.76
          256         1000         1.34         1.40         1.37       349.01
          512         1000         1.41         1.47         1.44       662.89
         1024         1000         2.17         2.40         2.28       812.46
         2048         1000         2.85         2.95         2.90      1323.75
         4096         1000         4.38         4.55         4.48      1715.51
         8192         1000         7.91         8.31         8.12      1880.95
        16384         1000        13.85        14.30        14.11      2184.57
        32768         1000        17.93        19.68        18.71      3176.16
        65536          640        26.40        27.30        26.77      4579.50
       131072          320        44.66        46.47        45.44      5380.33
       262144          160        87.06        93.69        89.94      5336.52
       524288           80       149.68       169.02       159.83      5916.32
      1048576           40       307.63       393.65       341.95      5080.69
      2097152           20      1099.46      1608.25      1417.33      2487.17
      4194304           10      2234.89      3366.61      3052.29      2376.28

#-----------------------------------------------------------------------------
# Benchmarking Sendrecv 
# #processes = 512 
# ( 496 additional processes waiting in MPI_Barrier)
#-----------------------------------------------------------------------------
       #bytes #repetitions  t_min[usec]  t_max[usec]  t_avg[usec]   Mbytes/sec
            0         1000         1.30         1.63         1.48         0.00
            1         1000         1.27         1.57         1.43         1.22
            2         1000         1.25         1.58         1.42         2.42
            4         1000         1.24         1.57         1.43         4.86
            8         1000         1.32         1.98         1.58         7.69
           16         1000         1.26         1.56         1.43        19.54
           32         1000         1.27         1.60         1.45        38.27
           64         1000         1.30         1.61         1.48        75.72
          128         1000         1.33         1.65         1.50       147.87
          256         1000         1.36         1.68         1.53       290.66
          512         1000         1.43         1.76         1.61       555.16
         1024         1000         1.80         2.29         2.02       852.18
         2048         1000         2.88         3.52         3.20      1109.13
         4096         1000         4.44         5.36         4.93      1458.36
         8192         1000         7.94         9.77         8.93      1599.14
        16384         1000        13.88        18.68        16.40      1672.92
        32768         1000        19.62        23.48        21.52      2661.50
        65536          640        26.94        33.66        29.34      3713.13
       131072          320        44.80        56.24        47.48      4444.94
       262144          160        88.24       118.55        94.04      4217.61
       524288           80       150.31       216.91       163.55      4610.14
      1048576           40       307.17       427.53       350.37      4678.08
      2097152           20      1171.46      1588.25      1423.41      2518.50
      4194304           10      2448.92      3410.01      3078.25      2346.04

#-----------------------------------------------------------------------------
# Benchmarking Sendrecv 
# #processes = 1008 
#-----------------------------------------------------------------------------
       #bytes #repetitions  t_min[usec]  t_max[usec]  t_avg[usec]   Mbytes/sec
            0         1000         1.29         1.64         1.48         0.00
            1         1000         1.23         1.59         1.44         1.20
            2         1000         1.23         1.56         1.42         2.44
            4         1000         1.23         1.67         1.44         4.56
            8         1000         1.23         1.57         1.43         9.72
           16         1000         1.23         1.57         1.43        19.43
           32         1000         1.25         1.58         1.45        38.53
           64         1000         1.28         1.61         1.47        75.73
          128         1000         1.30         1.64         1.50       148.60
          256         1000         1.33         1.68         1.53       290.99
          512         1000         1.42         1.75         1.61       557.05
         1024         1000         1.70         2.68         2.21       729.02
         2048         1000         2.85         3.53         3.20      1107.85
         4096         1000         4.41         5.57         4.94      1401.36
         8192         1000         7.97         9.71         8.84      1609.87
        16384         1000        13.94        16.95        15.39      1843.67
        32768         1000        17.78        21.36        19.47      2925.62
        65536          640        26.90        30.51        27.71      4096.50
       131072          320        45.04        47.77        45.94      5233.15
       262144          160        88.27        98.64        91.68      5068.72
       524288           80       149.63       178.06       160.27      5615.99
      1048576           40       306.83       422.53       347.40      4733.44
      2097152           20      1182.40      1626.94      1430.70      2458.60
      4194304           10      2416.61      5430.91      3105.19      1473.05


# All processes entering MPI_Finalize

