/var/slurmd-mpp2/job26211/slurm_script: line 16: cd: /gpfs/scratch/t1221/t1221ag/mydata: No such file or directory
 benchmarks to run sendrecv 
#------------------------------------------------------------
#    Intel (R) MPI Benchmarks 4.1, MPI-1 part    
#------------------------------------------------------------
# Date                  : Sun Nov 22 01:52:22 2015
# Machine               : x86_64
# System                : Linux
# Release               : 3.0.101-0.46-default
# Version               : #1 SMP Wed Dec 17 11:04:10 UTC 2014 (8356111)
# MPI Version           : 3.0
# MPI Thread Environment: 

# New default behavior from Version 3.2 on:

# the number of iterations per message size is cut down 
# dynamically when a certain run time (per message size sample) 
# is expected to be exceeded. Time limit is defined by variable 
# "SECS_PER_SAMPLE" (=> IMB_settings.h) 
# or through the flag => -time 
  


# Calling sequence was: 

# /home/hpc/t1221/t1221ag/Tutorial3/exercise2/imb/src/IMB-MPI1 sendrecv

# Minimum message length in bytes:   0
# Maximum message length in bytes:   4194304
#
# MPI_Datatype                   :   MPI_BYTE 
# MPI_Datatype for reductions    :   MPI_FLOAT
# MPI_Op                         :   MPI_SUM  
#
#

# List of Benchmarks to run:

# Sendrecv

#-----------------------------------------------------------------------------
# Benchmarking Sendrecv 
# #processes = 2 
# ( 198 additional processes waiting in MPI_Barrier)
#-----------------------------------------------------------------------------
       #bytes #repetitions  t_min[usec]  t_max[usec]  t_avg[usec]   Mbytes/sec
            0         1000         0.51         0.51         0.51         0.00
            1         1000         0.49         0.49         0.49         3.88
            2         1000         0.49         0.49         0.49         7.75
            4         1000         0.49         0.49         0.49        15.63
            8         1000         0.50         0.50         0.50        30.77
           16         1000         0.49         0.49         0.49        61.90
           32         1000         0.54         0.54         0.54       113.22
           64         1000         0.52         0.52         0.52       235.62
          128         1000         0.53         0.53         0.53       459.81
          256         1000         0.58         0.58         0.58       849.09
          512         1000         0.70         0.70         0.70      1399.39
         1024         1000         0.80         0.80         0.80      2446.83
         2048         1000         0.99         0.99         0.99      3957.49
         4096         1000         1.37         1.37         1.37      5685.93
         8192         1000         2.16         2.16         2.16      7247.15
        16384         1000         3.84         3.84         3.84      8133.54
        32768         1000         6.59         6.59         6.59      9485.60
        65536          640        19.44        19.45        19.44      6427.81
       131072          320        35.25        35.26        35.25      7090.81
       262144          160        66.21        66.24        66.23      7548.63
       524288           80       116.36       116.41       116.39      8590.04
      1048576           40       213.30       213.37       213.34      9373.27
      2097152           20       405.70       406.05       405.88      9850.99
      4194304           10       864.39       866.99       865.69      9227.38

#-----------------------------------------------------------------------------
# Benchmarking Sendrecv 
# #processes = 4 
# ( 196 additional processes waiting in MPI_Barrier)
#-----------------------------------------------------------------------------
       #bytes #repetitions  t_min[usec]  t_max[usec]  t_avg[usec]   Mbytes/sec
            0         1000         0.55         0.55         0.55         0.00
            1         1000         0.45         0.45         0.45         4.24
            2         1000         0.45         0.45         0.45         8.53
            4         1000         0.45         0.45         0.45        17.07
            8         1000         0.45         0.45         0.45        34.13
           16         1000         0.45         0.45         0.45        67.94
           32         1000         0.45         0.45         0.45       134.74
           64         1000         0.47         0.47         0.47       258.06
          128         1000         0.51         0.51         0.51       478.73
          256         1000         0.56         0.56         0.56       874.84
          512         1000         0.61         0.61         0.61      1601.25
         1024         1000         0.70         0.70         0.70      2794.00
         2048         1000         0.87         0.87         0.87      4469.18
         4096         1000         1.26         1.26         1.26      6200.19
         8192         1000         1.96         1.96         1.96      7976.63
        16384         1000         3.21         3.21         3.21      9744.41
        32768         1000         5.66         5.66         5.66     11038.57
        65536          640        14.87        14.88        14.87      8401.63
       131072          320        27.60        27.62        27.61      9051.88
       262144          160        52.29        52.36        52.32      9550.14
       524288           80        98.84        99.07        98.92     10093.38
      1048576           40       188.20       188.60       188.32     10604.40
      2097152           20       457.70       458.96       458.23      8715.44
      4194304           10      1600.79      1605.70      1603.25      4982.25

#-----------------------------------------------------------------------------
# Benchmarking Sendrecv 
# #processes = 8 
# ( 192 additional processes waiting in MPI_Barrier)
#-----------------------------------------------------------------------------
       #bytes #repetitions  t_min[usec]  t_max[usec]  t_avg[usec]   Mbytes/sec
            0         1000         0.57         0.57         0.57         0.00
            1         1000         0.57         0.57         0.57         3.35
            2         1000         0.52         0.52         0.52         7.32
            4         1000         0.63         0.63         0.63        12.05
            8         1000         0.54         0.54         0.54        28.21
           16         1000         0.51         0.52         0.52        59.15
           32         1000         0.54         0.54         0.54       113.48
           64         1000         0.65         0.65         0.65       187.48
          128         1000         0.66         0.66         0.66       367.16
          256         1000         0.67         0.67         0.67       727.79
          512         1000         0.76         0.76         0.76      1278.40
         1024         1000         0.93         0.93         0.93      2107.00
         2048         1000         1.20         1.21         1.20      3239.22
         4096         1000         1.80         1.80         1.80      4330.38
         8192         1000         2.92         2.92         2.92      5342.03
        16384         1000         5.23         5.24         5.24      5962.70
        32768         1000         9.76         9.79         9.78      6385.35
        65536          640        26.02        26.10        26.06      4788.36
       131072          320        51.42        51.76        51.59      4830.06
       262144          160       101.80       103.24       102.55      4843.24
       524288           80       193.41       198.99       196.35      5025.38
      1048576           40       399.02       415.85       409.78      4809.43
      2097152           20      1404.00      1473.65      1448.67      2714.34
      4194304           10      2947.71      3166.70      3063.32      2526.29

#-----------------------------------------------------------------------------
# Benchmarking Sendrecv 
# #processes = 16 
# ( 184 additional processes waiting in MPI_Barrier)
#-----------------------------------------------------------------------------
       #bytes #repetitions  t_min[usec]  t_max[usec]  t_avg[usec]   Mbytes/sec
            0         1000         0.75         0.75         0.75         0.00
            1         1000         0.61         0.61         0.61         3.12
            2         1000         0.61         0.62         0.61         6.20
            4         1000         0.68         0.69         0.69        11.04
            8         1000         0.62         0.62         0.62        24.49
           16         1000         0.61         0.61         0.61        50.02
           32         1000         0.71         0.72         0.71        85.36
           64         1000         0.74         0.74         0.74       165.21
          128         1000         0.76         0.77         0.77       318.31
          256         1000         0.81         0.82         0.82       596.04
          512         1000         1.05         1.06         1.06       920.45
         1024         1000         1.20         1.21         1.21      1611.65
         2048         1000         1.44         1.45         1.44      2703.18
         4096         1000         2.01         2.02         2.01      3869.63
         8192         1000         3.19         3.20         3.20      4879.82
        16384         1000         5.41         5.43         5.42      5749.78
        32768         1000         9.86         9.92         9.89      6302.45
        65536          640        21.72        21.86        21.80      5717.52
       131072          320        44.17        44.77        44.47      5584.68
       262144          160        81.76        83.89        82.81      5959.93
       524288           80       142.66       146.70       144.70      6816.54
      1048576           40       329.48       358.72       345.99      5575.31
      2097152           20      1413.20      1507.35      1457.54      2653.66
      4194304           10      2874.99      3318.60      3120.15      2410.66

#-----------------------------------------------------------------------------
# Benchmarking Sendrecv 
# #processes = 32 
# ( 168 additional processes waiting in MPI_Barrier)
#-----------------------------------------------------------------------------
       #bytes #repetitions  t_min[usec]  t_max[usec]  t_avg[usec]   Mbytes/sec
            0         1000         1.54         1.58         1.56         0.00
            1         1000         1.52         1.55         1.54         1.23
            2         1000         1.51         1.54         1.53         2.48
            4         1000         1.51         1.54         1.53         4.96
            8         1000         1.51         1.54         1.52         9.93
           16         1000         1.51         1.54         1.53        19.82
           32         1000         1.54         1.56         1.56        39.00
           64         1000         1.56         1.58         1.57        77.11
          128         1000         1.58         1.61         1.60       151.46
          256         1000         1.60         1.63         1.62       299.55
          512         1000         1.66         1.69         1.68       578.86
         1024         1000         1.76         1.79         1.78      1092.27
         2048         1000         3.39         3.46         3.43      1127.37
         4096         1000         5.13         5.24         5.19      1489.52
         8192         1000         8.65         8.86         8.76      1763.52
        16384         1000        16.29        16.66        16.49      1875.86
        32768         1000        18.84        19.21        19.04      3252.69
        65536          640        26.80        27.22        27.02      4591.65
       131072          320        44.62        45.33        45.05      5514.56
       262144          160        86.81        91.28        89.40      5477.65
       524288           80       153.97       165.90       160.62      6027.71
      1048576           40       323.60       356.20       342.65      5614.86
      2097152           20      1093.65      1501.39      1374.41      2664.19
      4194304           10      2531.19      3358.51      3011.09      2382.01

#-----------------------------------------------------------------------------
# Benchmarking Sendrecv 
# #processes = 64 
# ( 136 additional processes waiting in MPI_Barrier)
#-----------------------------------------------------------------------------
       #bytes #repetitions  t_min[usec]  t_max[usec]  t_avg[usec]   Mbytes/sec
            0         1000         1.50         1.57         1.53         0.00
            1         1000         1.48         1.54         1.51         1.23
            2         1000         1.49         1.55         1.52         2.46
            4         1000         1.48         1.55         1.52         4.93
            8         1000         1.48         1.55         1.52         9.85
           16         1000         1.48         1.55         1.52        19.74
           32         1000         1.51         1.57         1.54        38.90
           64         1000         1.52         1.59         1.55        77.02
          128         1000         1.55         1.60         1.58       152.40
          256         1000         1.58         1.65         1.62       296.08
          512         1000         1.66         1.72         1.69       568.10
         1024         1000         1.77         1.82         1.79      1074.22
         2048         1000         3.33         3.49         3.42      1118.36
         4096         1000         5.09         5.30         5.19      1474.91
         8192         1000         8.52         8.92         8.73      1751.27
        16384         1000        16.10        16.80        16.45      1860.23
        32768         1000        19.13        19.94        19.54      3134.23
        65536          640        26.91        27.39        27.14      4563.06
       131072          320        44.26        46.26        45.23      5403.90
       262144          160        87.73        95.49        91.34      5236.33
       524288           80       152.06       174.88       162.18      5718.30
      1048576           40       312.05       397.93       349.79      5026.05
      2097152           20      1265.80      1549.40      1442.84      2581.65
      4194304           10      2497.89      3417.30      3077.50      2341.03

#-----------------------------------------------------------------------------
# Benchmarking Sendrecv 
# #processes = 128 
# ( 72 additional processes waiting in MPI_Barrier)
#-----------------------------------------------------------------------------
       #bytes #repetitions  t_min[usec]  t_max[usec]  t_avg[usec]   Mbytes/sec
            0         1000         1.50         1.57         1.55         0.00
            1         1000         1.49         1.55         1.53         1.23
            2         1000         1.49         1.55         1.53         2.46
            4         1000         1.49         1.55         1.53         4.93
            8         1000         1.48         1.58         1.53         9.63
           16         1000         1.49         1.55         1.53        19.66
           32         1000         1.51         1.61         1.56        38.00
           64         1000         1.52         1.61         1.57        75.92
          128         1000         1.55         1.63         1.60       149.34
          256         1000         1.59         1.68         1.64       291.16
          512         1000         1.66         1.75         1.71       557.43
         1024         1000         1.75         1.83         1.80      1066.67
         2048         1000         3.47         3.81         3.66      1025.28
         4096         1000         5.20         5.65         5.43      1382.97
         8192         1000         9.02         9.76         9.40      1601.09
        16384         1000        16.29        17.78        17.06      1757.61
        32768         1000        21.30        22.20        21.88      2815.54
        65536          640        27.82        29.67        28.75      4212.52
       131072          320        46.15        50.42        48.15      4958.76
       262144          160        86.99        95.48        91.63      5236.66
       524288           80       150.36       167.25       158.95      5979.16
      1048576           40       315.25       395.47       347.27      5057.26
      2097152           20      1151.80      1553.75      1438.38      2574.42
      4194304           10      2317.50      3499.89      3127.61      2285.79

#-----------------------------------------------------------------------------
# Benchmarking Sendrecv 
# #processes = 200 
#-----------------------------------------------------------------------------
       #bytes #repetitions  t_min[usec]  t_max[usec]  t_avg[usec]   Mbytes/sec
            0         1000         1.51         1.58         1.55         0.00
            1         1000         1.49         1.56         1.53         1.22
            2         1000         1.49         1.62         1.56         2.35
            4         1000         1.49         1.56         1.53         4.89
            8         1000         1.49         1.56         1.53         9.75
           16         1000         1.47         1.58         1.53        19.30
           32         1000         1.61         1.77         1.70        34.50
           64         1000         1.53         1.60         1.57        76.10
          128         1000         1.55         1.64         1.60       149.31
          256         1000         1.59         1.67         1.63       291.65
          512         1000         1.67         1.76         1.71       555.16
         1024         1000         1.76         1.85         1.81      1056.35
         2048         1000         3.37         3.50         3.45      1115.09
         4096         1000         5.15         5.44         5.32      1435.87
         8192         1000         8.86         9.78         9.39      1597.46
        16384         1000        16.18        17.06        16.62      1831.89
        32768         1000        19.45        21.42        20.40      2917.96
        65536          640        26.83        27.47        27.14      4550.68
       131072          320        45.55        46.85        46.18      5336.52
       262144          160        87.62        98.47        91.44      5077.47
       524288           80       149.21       166.23       159.01      6015.93
      1048576           40       311.05       412.88       354.35      4844.08
      2097152           20      1260.10      1578.75      1467.44      2533.65
      4194304           10      2592.99      3454.90      3143.33      2315.55


# All processes entering MPI_Finalize

