/var/slurmd-mpp2/job28396/slurm_script: line 13: cd: /gpfs/scratch/t1221/t1221ag/mydata: No such file or directory

Starting Conjugated Gradients
Starting norm of residuum: 1.85355e-12
Target norm:               1.85355e-20
(iter: 1)delta: 4.63772e-13
(iter: 2)delta: 2.07708e-13
(iter: 3)delta: 1.27887e-13
(iter: 4)delta: 1.29907e-13
(iter: 5)delta: 8.02517e-14
(iter: 6)delta: 6.8154e-14
(iter: 7)delta: 5.52226e-14
(iter: 8)delta: 4.29749e-14
(iter: 9)delta: 3.9437e-14
(iter: 10)delta: 3.00777e-14
(iter: 11)delta: 2.91239e-14
(iter: 12)delta: 2.24474e-14
(iter: 13)delta: 2.21915e-14
(iter: 14)delta: 1.74914e-14
(iter: 15)delta: 1.73852e-14
(iter: 16)delta: 1.40586e-14
(iter: 17)delta: 1.39499e-14
(iter: 18)delta: 1.15672e-14
(iter: 19)delta: 1.14244e-14
(iter: 20)delta: 9.69397e-15
(iter: 21)delta: 9.52052e-15
(iter: 22)delta: 8.24611e-15
(iter: 23)delta: 8.053e-15
(iter: 24)delta: 7.10184e-15
(iter: 25)delta: 6.89956e-15
(iter: 26)delta: 6.18077e-15
(iter: 27)delta: 5.97734e-15
(iter: 28)delta: 5.42785e-15
(iter: 29)delta: 5.22879e-15
(iter: 30)delta: 4.80424e-15
(iter: 31)delta: 4.61304e-15
(iter: 32)delta: 4.28179e-15
(iter: 33)delta: 4.1005e-15
(iter: 34)delta: 3.8397e-15
(iter: 35)delta: 3.66934e-15
(iter: 36)delta: 3.46229e-15
(iter: 37)delta: 3.3032e-15
(iter: 38)delta: 3.13752e-15
(iter: 39)delta: 2.98961e-15
(iter: 40)delta: 2.85607e-15
(iter: 41)delta: 2.71895e-15
(iter: 42)delta: 2.61057e-15
(iter: 43)delta: 2.48371e-15
(iter: 44)delta: 2.39518e-15
(iter: 45)delta: 2.27794e-15
(iter: 46)delta: 2.20517e-15
(iter: 47)delta: 2.09691e-15
(iter: 48)delta: 2.03674e-15
(iter: 49)delta: 1.93677e-15
(iter: 50)delta: 1.88675e-15
(iter: 51)delta: 1.79443e-15
(iter: 52)delta: 1.75261e-15
(iter: 53)delta: 1.66733e-15
(iter: 54)delta: 1.63218e-15
(iter: 55)delta: 1.55336e-15
(iter: 56)delta: 1.52365e-15
(iter: 57)delta: 1.45076e-15
(iter: 58)delta: 1.42553e-15
(iter: 59)delta: 1.35806e-15
(iter: 60)delta: 1.33652e-15
(iter: 61)delta: 1.27402e-15
(iter: 62)delta: 1.25554e-15
(iter: 63)delta: 1.19759e-15
(iter: 64)delta: 1.18166e-15
(iter: 65)delta: 1.12788e-15
(iter: 66)delta: 1.11407e-15
(iter: 67)delta: 1.06411e-15
(iter: 68)delta: 1.05208e-15
(iter: 69)delta: 1.00563e-15
(iter: 70)delta: 9.951e-16
(iter: 71)delta: 9.51857e-16
(iter: 72)delta: 9.42597e-16
(iter: 73)delta: 9.02307e-16
(iter: 74)delta: 8.94119e-16
(iter: 75)delta: 8.56544e-16
(iter: 76)delta: 8.49268e-16
(iter: 77)delta: 8.14189e-16
(iter: 78)delta: 8.07691e-16
(iter: 79)delta: 7.74912e-16
(iter: 80)delta: 7.69079e-16
(iter: 81)delta: 7.3842e-16
(iter: 82)delta: 7.33158e-16
(iter: 83)delta: 7.04454e-16
(iter: 84)delta: 6.99684e-16
(iter: 85)delta: 6.72786e-16
(iter: 86)delta: 6.68441e-16
(iter: 87)delta: 6.43213e-16
(iter: 88)delta: 6.39236e-16
(iter: 89)delta: 6.15552e-16
(iter: 90)delta: 6.11895e-16
(iter: 91)delta: 5.89643e-16
(iter: 92)delta: 5.86265e-16
(iter: 93)delta: 5.65339e-16
(iter: 94)delta: 5.62206e-16
(iter: 95)delta: 5.4251e-16
(iter: 96)delta: 5.39592e-16
(iter: 97)delta: 5.2104e-16
(iter: 98)delta: 5.1831e-16
(iter: 99)delta: 5.00821e-16
(iter: 100)delta: 4.98258e-16
(iter: 101)delta: 4.81758e-16
(iter: 102)delta: 4.79344e-16
(iter: 103)delta: 4.63765e-16
(iter: 104)delta: 4.61482e-16
(iter: 105)delta: 4.46762e-16
(iter: 106)delta: 4.44597e-16
(iter: 107)delta: 4.30679e-16
(iter: 108)delta: 4.28619e-16
(iter: 109)delta: 4.15449e-16
(iter: 110)delta: 4.13485e-16
(iter: 111)delta: 4.01013e-16
(iter: 112)delta: 3.99135e-16
(iter: 113)delta: 3.87318e-16
(iter: 114)delta: 3.85517e-16
(iter: 115)delta: 3.74312e-16
(iter: 116)delta: 3.72583e-16
(iter: 117)delta: 3.61951e-16
(iter: 118)delta: 3.60286e-16
(iter: 119)delta: 3.50192e-16
(iter: 120)delta: 3.48586e-16
(iter: 121)delta: 3.38997e-16
(iter: 122)delta: 3.37446e-16
(iter: 123)delta: 3.28331e-16
(iter: 124)delta: 3.26829e-16
(iter: 125)delta: 3.18159e-16
(iter: 126)delta: 3.16704e-16
(iter: 127)delta: 3.08453e-16
(iter: 128)delta: 3.07041e-16
(iter: 129)delta: 2.99184e-16
(iter: 130)delta: 2.97813e-16
(iter: 131)delta: 2.90327e-16
(iter: 132)delta: 2.88993e-16
(iter: 133)delta: 2.81856e-16
(iter: 134)delta: 2.80558e-16
(iter: 135)delta: 2.73751e-16
(iter: 136)delta: 2.72486e-16
(iter: 137)delta: 2.6599e-16
(iter: 138)delta: 2.64756e-16
(iter: 139)delta: 2.58553e-16
(iter: 140)delta: 2.57349e-16
(iter: 141)delta: 2.51424e-16
(iter: 142)delta: 2.50249e-16
(iter: 143)delta: 2.44586e-16
(iter: 144)delta: 2.43437e-16
(iter: 145)delta: 2.38022e-16
(iter: 146)delta: 2.36899e-16
(iter: 147)delta: 2.31718e-16
(iter: 148)delta: 2.30619e-16
(iter: 149)delta: 2.25661e-16
(iter: 150)delta: 2.24586e-16
(iter: 151)delta: 2.19838e-16
(iter: 152)delta: 2.18786e-16
(iter: 153)delta: 2.14237e-16
(iter: 154)delta: 2.13206e-16
(iter: 155)delta: 2.08847e-16
(iter: 156)delta: 2.07837e-16
(iter: 157)delta: 2.03658e-16
(iter: 158)delta: 2.02667e-16
(iter: 159)delta: 1.98659e-16
(iter: 160)delta: 1.97688e-16
(iter: 161)delta: 1.93841e-16
(iter: 162)delta: 1.92889e-16
(iter: 163)delta: 1.89196e-16
(iter: 164)delta: 1.88262e-16
(iter: 165)delta: 1.84716e-16
(iter: 166)delta: 1.83799e-16
(iter: 167)delta: 1.80392e-16
(iter: 168)delta: 1.79493e-16
(iter: 169)delta: 1.76218e-16
(iter: 170)delta: 1.75335e-16
(iter: 171)delta: 1.72187e-16
(iter: 172)delta: 1.7132e-16
(iter: 173)delta: 1.68292e-16
(iter: 174)delta: 1.67441e-16
(iter: 175)delta: 1.64527e-16
(iter: 176)delta: 1.63691e-16
(iter: 177)delta: 1.60887e-16
(iter: 178)delta: 1.60066e-16
(iter: 179)delta: 1.57366e-16
(iter: 180)delta: 1.56559e-16
(iter: 181)delta: 1.53959e-16
(iter: 182)delta: 1.53166e-16
(iter: 183)delta: 1.50661e-16
(iter: 184)delta: 1.49882e-16
(iter: 185)delta: 1.47467e-16
(iter: 186)delta: 1.46702e-16
(iter: 187)delta: 1.44374e-16
(iter: 188)delta: 1.43621e-16
(iter: 189)delta: 1.41376e-16
(iter: 190)delta: 1.40637e-16
(iter: 191)delta: 1.38471e-16
(iter: 192)delta: 1.37744e-16
(iter: 193)delta: 1.35653e-16
(iter: 194)delta: 1.34938e-16
(iter: 195)delta: 1.32921e-16
(iter: 196)delta: 1.32218e-16
(iter: 197)delta: 1.3027e-16
(iter: 198)delta: 1.29578e-16
(iter: 199)delta: 1.27697e-16
(iter: 200)delta: 1.27017e-16
(iter: 201)delta: 1.25199e-16
(iter: 202)delta: 1.2453e-16
(iter: 203)delta: 1.22773e-16
(iter: 204)delta: 1.22116e-16
(iter: 205)delta: 1.20417e-16
(iter: 206)delta: 1.1977e-16
(iter: 207)delta: 1.18128e-16
(iter: 208)delta: 1.17492e-16
(iter: 209)delta: 1.15903e-16
(iter: 210)delta: 1.15277e-16
(iter: 211)delta: 1.1374e-16
(iter: 212)delta: 1.13124e-16
(iter: 213)delta: 1.11637e-16
(iter: 214)delta: 1.11031e-16
(iter: 215)delta: 1.09591e-16
(iter: 216)delta: 1.08995e-16
(iter: 217)delta: 1.076e-16
(iter: 218)delta: 1.07014e-16
(iter: 219)delta: 1.05663e-16
(iter: 220)delta: 1.05086e-16
(iter: 221)delta: 1.03778e-16
(iter: 222)delta: 1.0321e-16
(iter: 223)delta: 1.01942e-16
(iter: 224)delta: 1.01383e-16
(iter: 225)delta: 1.00155e-16
(iter: 226)delta: 9.96043e-17
(iter: 227)delta: 9.84135e-17
(iter: 228)delta: 9.78716e-17
(iter: 229)delta: 9.67169e-17
(iter: 230)delta: 9.61835e-17
(iter: 231)delta: 9.50636e-17
(iter: 232)delta: 9.45385e-17
(iter: 233)delta: 9.3452e-17
(iter: 234)delta: 9.2935e-17
(iter: 235)delta: 9.18808e-17
(iter: 236)delta: 9.13718e-17
(iter: 237)delta: 9.03487e-17
(iter: 238)delta: 8.98475e-17
(iter: 239)delta: 8.88543e-17
(iter: 240)delta: 8.83608e-17
(iter: 241)delta: 8.73964e-17
(iter: 242)delta: 8.69105e-17
(iter: 243)delta: 8.59739e-17
(iter: 244)delta: 8.54954e-17
(iter: 245)delta: 8.45856e-17
(iter: 246)delta: 8.41143e-17
(iter: 247)delta: 8.32305e-17
(iter: 248)delta: 8.27663e-17
(iter: 249)delta: 8.19074e-17
(iter: 250)delta: 8.14502e-17
(iter: 251)delta: 8.06154e-17
(iter: 252)delta: 8.0165e-17
(iter: 253)delta: 7.93535e-17
(iter: 254)delta: 7.89098e-17
(iter: 255)delta: 7.81208e-17
(iter: 256)delta: 7.76837e-17
(iter: 257)delta: 7.69164e-17
(iter: 258)delta: 7.64858e-17
(iter: 259)delta: 7.57394e-17
(iter: 260)delta: 7.53152e-17
(iter: 261)delta: 7.4589e-17
(iter: 262)delta: 7.4171e-17
(iter: 263)delta: 7.34644e-17
(iter: 264)delta: 7.30526e-17
(iter: 265)delta: 7.23649e-17
(iter: 266)delta: 7.19591e-17
(iter: 267)delta: 7.12897e-17
(iter: 268)delta: 7.08898e-17
(iter: 269)delta: 7.0238e-17
(iter: 270)delta: 6.9844e-17
(iter: 271)delta: 6.92093e-17
(iter: 272)delta: 6.8821e-17
(iter: 273)delta: 6.82028e-17
(iter: 274)delta: 6.78201e-17
(iter: 275)delta: 6.7218e-17
(iter: 276)delta: 6.68407e-17
(iter: 277)delta: 6.62541e-17
(iter: 278)delta: 6.58823e-17
(iter: 279)delta: 6.53107e-17
(iter: 280)delta: 6.49441e-17
(iter: 281)delta: 6.4387e-17
(iter: 282)delta: 6.40257e-17
(iter: 283)delta: 6.34827e-17
(iter: 284)delta: 6.31265e-17
(iter: 285)delta: 6.25971e-17
(iter: 286)delta: 6.2246e-17
(iter: 287)delta: 6.17298e-17
(iter: 288)delta: 6.13836e-17
(iter: 289)delta: 6.08801e-17
(iter: 290)delta: 6.05388e-17
(iter: 291)delta: 6.00478e-17
(iter: 292)delta: 5.97112e-17
(iter: 293)delta: 5.92322e-17
(iter: 294)delta: 5.89004e-17
(iter: 295)delta: 5.8433e-17
(iter: 296)delta: 5.81058e-17
(iter: 297)delta: 5.76497e-17
(iter: 298)delta: 5.7327e-17
(iter: 299)delta: 5.68819e-17
(iter: 300)delta: 5.65637e-17
(iter: 301)delta: 5.61292e-17
(iter: 302)delta: 5.58153e-17
(iter: 303)delta: 5.53911e-17
(iter: 304)delta: 5.50816e-17
(iter: 305)delta: 5.46674e-17
(iter: 306)delta: 5.43621e-17
(iter: 307)delta: 5.39576e-17
(iter: 308)delta: 5.36565e-17
(iter: 309)delta: 5.32615e-17
(iter: 310)delta: 5.29644e-17
(iter: 311)delta: 5.25785e-17
(iter: 312)delta: 5.22855e-17
(iter: 313)delta: 5.19085e-17
(iter: 314)delta: 5.16194e-17
(iter: 315)delta: 5.12511e-17
(iter: 316)delta: 5.09659e-17
(iter: 317)delta: 5.06059e-17
(iter: 318)delta: 5.03246e-17
(iter: 319)delta: 4.99728e-17
(iter: 320)delta: 4.96951e-17
(iter: 321)delta: 4.93513e-17
(iter: 322)delta: 4.90773e-17
(iter: 323)delta: 4.87412e-17
(iter: 324)delta: 4.84709e-17
(iter: 325)delta: 4.81422e-17
(iter: 326)delta: 4.78754e-17
(iter: 327)delta: 4.7554e-17
(iter: 328)delta: 4.72908e-17
(iter: 329)delta: 4.69765e-17
(iter: 330)delta: 4.67167e-17
(iter: 331)delta: 4.64093e-17
(iter: 332)delta: 4.61529e-17
(iter: 333)delta: 4.58521e-17
(iter: 334)delta: 4.55991e-17
(iter: 335)delta: 4.53049e-17
(iter: 336)delta: 4.50551e-17
(iter: 337)delta: 4.47672e-17
(iter: 338)delta: 4.45207e-17
(iter: 339)delta: 4.4239e-17
(iter: 340)delta: 4.39957e-17
(iter: 341)delta: 4.37199e-17
(iter: 342)delta: 4.34797e-17
(iter: 343)delta: 4.32098e-17
(iter: 344)delta: 4.29727e-17
(iter: 345)delta: 4.27084e-17
(iter: 346)delta: 4.24744e-17
(iter: 347)delta: 4.22157e-17
(iter: 348)delta: 4.19846e-17
(iter: 349)delta: 4.17313e-17
(iter: 350)delta: 4.15031e-17
(iter: 351)delta: 4.12551e-17
(iter: 352)delta: 4.10298e-17
(iter: 353)delta: 4.07868e-17
(iter: 354)delta: 4.05644e-17
(iter: 355)delta: 4.03264e-17
(iter: 356)delta: 4.01068e-17
(iter: 357)delta: 3.98737e-17
(iter: 358)delta: 3.96568e-17
(iter: 359)delta: 3.94284e-17
(iter: 360)delta: 3.92143e-17
(iter: 361)delta: 3.89905e-17
(iter: 362)delta: 3.8779e-17
(iter: 363)delta: 3.85597e-17
(iter: 364)delta: 3.83508e-17
(iter: 365)delta: 3.81359e-17
(iter: 366)delta: 3.79296e-17
(iter: 367)delta: 3.77189e-17
(iter: 368)delta: 3.75152e-17
(iter: 369)delta: 3.73087e-17
(iter: 370)delta: 3.71075e-17
(iter: 371)delta: 3.6905e-17
(iter: 372)delta: 3.67063e-17
(iter: 373)delta: 3.65078e-17
(iter: 374)delta: 3.63115e-17
(iter: 375)delta: 3.61168e-17
(iter: 376)delta: 3.59229e-17
(iter: 377)delta: 3.5732e-17
(iter: 378)delta: 3.55404e-17
(iter: 379)delta: 3.53532e-17
(iter: 380)delta: 3.5164e-17
(iter: 381)delta: 3.49803e-17
(iter: 382)delta: 3.47934e-17
(iter: 383)delta: 3.46132e-17
(iter: 384)delta: 3.44285e-17
(iter: 385)delta: 3.42518e-17
(iter: 386)delta: 3.40693e-17
(iter: 387)delta: 3.38959e-17
(iter: 388)delta: 3.37156e-17
(iter: 389)delta: 3.35454e-17
(iter: 390)delta: 3.33672e-17
(iter: 391)delta: 3.32003e-17
(iter: 392)delta: 3.30242e-17
(iter: 393)delta: 3.28604e-17
(iter: 394)delta: 3.26864e-17
(iter: 395)delta: 3.25256e-17
(iter: 396)delta: 3.23536e-17
(iter: 397)delta: 3.21958e-17
(iter: 398)delta: 3.20258e-17
(iter: 399)delta: 3.18709e-17
(iter: 400)delta: 3.17029e-17
(iter: 401)delta: 3.15508e-17
(iter: 402)delta: 3.13848e-17
(iter: 403)delta: 3.12354e-17
(iter: 404)delta: 3.10714e-17
(iter: 405)delta: 3.09247e-17
(iter: 406)delta: 3.07626e-17
(iter: 407)delta: 3.06185e-17
(iter: 408)delta: 3.04583e-17
(iter: 409)delta: 3.03168e-17
(iter: 410)delta: 3.01584e-17
(iter: 411)delta: 3.00194e-17
(iter: 412)delta: 2.98628e-17
(iter: 413)delta: 2.97263e-17
(iter: 414)delta: 2.95715e-17
(iter: 415)delta: 2.94374e-17
(iter: 416)delta: 2.92844e-17
(iter: 417)delta: 2.91526e-17
(iter: 418)delta: 2.90013e-17
(iter: 419)delta: 2.88718e-17
(iter: 420)delta: 2.87223e-17
(iter: 421)delta: 2.85951e-17
(iter: 422)delta: 2.84472e-17
(iter: 423)delta: 2.83222e-17
(iter: 424)delta: 2.8176e-17
(iter: 425)delta: 2.80531e-17
(iter: 426)delta: 2.79086e-17
(iter: 427)delta: 2.77878e-17
(iter: 428)delta: 2.76448e-17
(iter: 429)delta: 2.75261e-17
(iter: 430)delta: 2.73848e-17
(iter: 431)delta: 2.72681e-17
(iter: 432)delta: 2.71283e-17
(iter: 433)delta: 2.70136e-17
(iter: 434)delta: 2.68754e-17
(iter: 435)delta: 2.67626e-17
(iter: 436)delta: 2.66259e-17
(iter: 437)delta: 2.6515e-17
(iter: 438)delta: 2.63798e-17
(iter: 439)delta: 2.62707e-17
(iter: 440)delta: 2.61371e-17
(iter: 441)delta: 2.60298e-17
(iter: 442)delta: 2.58976e-17
(iter: 443)delta: 2.57921e-17
(iter: 444)delta: 2.56613e-17
(iter: 445)delta: 2.55576e-17
(iter: 446)delta: 2.54282e-17
(iter: 447)delta: 2.53262e-17
(iter: 448)delta: 2.51982e-17
(iter: 449)delta: 2.50978e-17
(iter: 450)delta: 2.49713e-17
(iter: 451)delta: 2.48725e-17
(iter: 452)delta: 2.47473e-17
(iter: 453)delta: 2.46501e-17
(iter: 454)delta: 2.45263e-17
(iter: 455)delta: 2.44307e-17
(iter: 456)delta: 2.43082e-17
(iter: 457)delta: 2.42141e-17
(iter: 458)delta: 2.40929e-17
(iter: 459)delta: 2.40003e-17
(iter: 460)delta: 2.38804e-17
(iter: 461)delta: 2.37892e-17
(iter: 462)delta: 2.36706e-17
(iter: 463)delta: 2.35809e-17
(iter: 464)delta: 2.34636e-17
(iter: 465)delta: 2.33753e-17
(iter: 466)delta: 2.32592e-17
(iter: 467)delta: 2.31722e-17
(iter: 468)delta: 2.30574e-17
(iter: 469)delta: 2.29718e-17
(iter: 470)delta: 2.28581e-17
(iter: 471)delta: 2.27739e-17
(iter: 472)delta: 2.26614e-17
(iter: 473)delta: 2.25784e-17
(iter: 474)delta: 2.24672e-17
(iter: 475)delta: 2.23855e-17
(iter: 476)delta: 2.22754e-17
(iter: 477)delta: 2.21949e-17
(iter: 478)delta: 2.2086e-17
(iter: 479)delta: 2.20067e-17
(iter: 480)delta: 2.18989e-17
(iter: 481)delta: 2.18209e-17
(iter: 482)delta: 2.17141e-17
(iter: 483)delta: 2.16373e-17
(iter: 484)delta: 2.15317e-17
(iter: 485)delta: 2.1456e-17
(iter: 486)delta: 2.13514e-17
(iter: 487)delta: 2.12769e-17
(iter: 488)delta: 2.11734e-17
(iter: 489)delta: 2.11e-17
(iter: 490)delta: 2.09976e-17
(iter: 491)delta: 2.09252e-17
(iter: 492)delta: 2.08238e-17
(iter: 493)delta: 2.07525e-17
(iter: 494)delta: 2.06522e-17
(iter: 495)delta: 2.0582e-17
(iter: 496)delta: 2.04827e-17
(iter: 497)delta: 2.04134e-17
(iter: 498)delta: 2.03151e-17
(iter: 499)delta: 2.02469e-17
(iter: 500)delta: 2.01496e-17
(iter: 501)delta: 2.00824e-17
(iter: 502)delta: 1.9986e-17
(iter: 503)delta: 1.99198e-17
(iter: 504)delta: 1.98244e-17
(iter: 505)delta: 1.97591e-17
(iter: 506)delta: 1.96647e-17
(iter: 507)delta: 1.96003e-17
(iter: 508)delta: 1.95069e-17
(iter: 509)delta: 1.94434e-17
(iter: 510)delta: 1.93509e-17
(iter: 511)delta: 1.92883e-17
(iter: 512)delta: 1.91967e-17
(iter: 513)delta: 1.9135e-17
(iter: 514)delta: 1.90443e-17
(iter: 515)delta: 1.89835e-17
(iter: 516)delta: 1.88937e-17
(iter: 517)delta: 1.88338e-17
(iter: 518)delta: 1.87448e-17
(iter: 519)delta: 1.86857e-17
(iter: 520)delta: 1.85977e-17
(iter: 521)delta: 1.85394e-17
(iter: 522)delta: 1.84522e-17
(iter: 523)delta: 1.83947e-17
(iter: 524)delta: 1.83084e-17
(iter: 525)delta: 1.82517e-17
(iter: 526)delta: 1.81662e-17
(iter: 527)delta: 1.81102e-17
(iter: 528)delta: 1.80256e-17
(iter: 529)delta: 1.79704e-17
(iter: 530)delta: 1.78866e-17
(iter: 531)delta: 1.78322e-17
(iter: 532)delta: 1.77491e-17
(iter: 533)delta: 1.76955e-17
(iter: 534)delta: 1.76132e-17
(iter: 535)delta: 1.75603e-17
(iter: 536)delta: 1.74788e-17
(iter: 537)delta: 1.74266e-17
(iter: 538)delta: 1.73459e-17
(iter: 539)delta: 1.72944e-17
(iter: 540)delta: 1.72145e-17
(iter: 541)delta: 1.71637e-17
(iter: 542)delta: 1.70845e-17
(iter: 543)delta: 1.70344e-17
(iter: 544)delta: 1.6956e-17
(iter: 545)delta: 1.69065e-17
(iter: 546)delta: 1.68288e-17
(iter: 547)delta: 1.678e-17
(iter: 548)delta: 1.67031e-17
(iter: 549)delta: 1.66549e-17
(iter: 550)delta: 1.65787e-17
(iter: 551)delta: 1.65311e-17
(iter: 552)delta: 1.64557e-17
(iter: 553)delta: 1.64087e-17
(iter: 554)delta: 1.63339e-17
(iter: 555)delta: 1.62876e-17
(iter: 556)delta: 1.62135e-17
(iter: 557)delta: 1.61678e-17
(iter: 558)delta: 1.60944e-17
(iter: 559)delta: 1.60492e-17
(iter: 560)delta: 1.59766e-17
(iter: 561)delta: 1.5932e-17
(iter: 562)delta: 1.586e-17
(iter: 563)delta: 1.58159e-17
(iter: 564)delta: 1.57446e-17
(iter: 565)delta: 1.57011e-17
(iter: 566)delta: 1.56305e-17
(iter: 567)delta: 1.55876e-17
(iter: 568)delta: 1.55175e-17
(iter: 569)delta: 1.54752e-17
(iter: 570)delta: 1.54058e-17
(iter: 571)delta: 1.53639e-17
(iter: 572)delta: 1.52952e-17
(iter: 573)delta: 1.52539e-17
(iter: 574)delta: 1.51858e-17
(iter: 575)delta: 1.5145e-17
(iter: 576)delta: 1.50775e-17
(iter: 577)delta: 1.50372e-17
(iter: 578)delta: 1.49703e-17
(iter: 579)delta: 1.49305e-17
(iter: 580)delta: 1.48642e-17
(iter: 581)delta: 1.48249e-17
(iter: 582)delta: 1.47592e-17
(iter: 583)delta: 1.47204e-17
(iter: 584)delta: 1.46553e-17
(iter: 585)delta: 1.4617e-17
(iter: 586)delta: 1.45525e-17
(iter: 587)delta: 1.45146e-17
(iter: 588)delta: 1.44507e-17
(iter: 589)delta: 1.44133e-17
(iter: 590)delta: 1.43499e-17
(iter: 591)delta: 1.43129e-17
(iter: 592)delta: 1.42502e-17
(iter: 593)delta: 1.42136e-17
(iter: 594)delta: 1.41514e-17
(iter: 595)delta: 1.41153e-17
(iter: 596)delta: 1.40537e-17
(iter: 597)delta: 1.4018e-17
(iter: 598)delta: 1.39569e-17
(iter: 599)delta: 1.39216e-17
(iter: 600)delta: 1.38611e-17
(iter: 601)delta: 1.38263e-17
(iter: 602)delta: 1.37662e-17
(iter: 603)delta: 1.37318e-17
(iter: 604)delta: 1.36723e-17
(iter: 605)delta: 1.36383e-17
(iter: 606)delta: 1.35793e-17
(iter: 607)delta: 1.35457e-17
(iter: 608)delta: 1.34872e-17
(iter: 609)delta: 1.3454e-17
(iter: 610)delta: 1.3396e-17
(iter: 611)delta: 1.33632e-17
(iter: 612)delta: 1.33058e-17
(iter: 613)delta: 1.32733e-17
(iter: 614)delta: 1.32164e-17
(iter: 615)delta: 1.31843e-17
(iter: 616)delta: 1.31278e-17
(iter: 617)delta: 1.30961e-17
(iter: 618)delta: 1.30401e-17
(iter: 619)delta: 1.30088e-17
(iter: 620)delta: 1.29533e-17
(iter: 621)delta: 1.29223e-17
(iter: 622)delta: 1.28673e-17
(iter: 623)delta: 1.28367e-17
(iter: 624)delta: 1.27821e-17
(iter: 625)delta: 1.27519e-17
(iter: 626)delta: 1.26978e-17
(iter: 627)delta: 1.26679e-17
(iter: 628)delta: 1.26142e-17
(iter: 629)delta: 1.25846e-17
(iter: 630)delta: 1.25315e-17
(iter: 631)delta: 1.25022e-17
(iter: 632)delta: 1.24495e-17
(iter: 633)delta: 1.24206e-17
(iter: 634)delta: 1.23683e-17
(iter: 635)delta: 1.23397e-17
(iter: 636)delta: 1.22879e-17
(iter: 637)delta: 1.22596e-17
(iter: 638)delta: 1.22082e-17
(iter: 639)delta: 1.21802e-17
(iter: 640)delta: 1.21293e-17
(iter: 641)delta: 1.21016e-17
(iter: 642)delta: 1.20511e-17
(iter: 643)delta: 1.20237e-17
(iter: 644)delta: 1.19736e-17
(iter: 645)delta: 1.19465e-17
(iter: 646)delta: 1.18968e-17
(iter: 647)delta: 1.187e-17
(iter: 648)delta: 1.18208e-17
(iter: 649)delta: 1.17943e-17
(iter: 650)delta: 1.17454e-17
(iter: 651)delta: 1.17192e-17
(iter: 652)delta: 1.16708e-17
(iter: 653)delta: 1.16449e-17
(iter: 654)delta: 1.15968e-17
(iter: 655)delta: 1.15712e-17
(iter: 656)delta: 1.15235e-17
(iter: 657)delta: 1.14982e-17
(iter: 658)delta: 1.14509e-17
(iter: 659)delta: 1.14258e-17
(iter: 660)delta: 1.13789e-17
(iter: 661)delta: 1.13541e-17
(iter: 662)delta: 1.13076e-17
(iter: 663)delta: 1.12831e-17
(iter: 664)delta: 1.1237e-17
(iter: 665)delta: 1.12126e-17
(iter: 666)delta: 1.11669e-17
(iter: 667)delta: 1.11429e-17
(iter: 668)delta: 1.10975e-17
(iter: 669)delta: 1.10737e-17
(iter: 670)delta: 1.10287e-17
(iter: 671)delta: 1.10052e-17
(iter: 672)delta: 1.09606e-17
(iter: 673)delta: 1.09372e-17
(iter: 674)delta: 1.0893e-17
(iter: 675)delta: 1.08699e-17
(iter: 676)delta: 1.0826e-17
(iter: 677)delta: 1.08032e-17
(iter: 678)delta: 1.07596e-17
(iter: 679)delta: 1.07371e-17
(iter: 680)delta: 1.06939e-17
(iter: 681)delta: 1.06715e-17
(iter: 682)delta: 1.06286e-17
(iter: 683)delta: 1.06065e-17
(iter: 684)delta: 1.0564e-17
(iter: 685)delta: 1.05421e-17
(iter: 686)delta: 1.04999e-17
(iter: 687)delta: 1.04782e-17
(iter: 688)delta: 1.04364e-17
(iter: 689)delta: 1.04149e-17
(iter: 690)delta: 1.03734e-17
(iter: 691)delta: 1.03522e-17
(iter: 692)delta: 1.0311e-17
(iter: 693)delta: 1.029e-17
(iter: 694)delta: 1.02491e-17
(iter: 695)delta: 1.02283e-17
(iter: 696)delta: 1.01878e-17
(iter: 697)delta: 1.01672e-17
(iter: 698)delta: 1.0127e-17
(iter: 699)delta: 1.01066e-17
(iter: 700)delta: 1.00667e-17
(iter: 701)delta: 1.00465e-17
(iter: 702)delta: 1.00069e-17
(iter: 703)delta: 9.98688e-18
(iter: 704)delta: 9.94762e-18
(iter: 705)delta: 9.9278e-18
(iter: 706)delta: 9.88885e-18
(iter: 707)delta: 9.86922e-18
(iter: 708)delta: 9.83057e-18
(iter: 709)delta: 9.81114e-18
(iter: 710)delta: 9.77279e-18
(iter: 711)delta: 9.75355e-18
(iter: 712)delta: 9.7155e-18
(iter: 713)delta: 9.69644e-18
(iter: 714)delta: 9.65868e-18
(iter: 715)delta: 9.63981e-18
(iter: 716)delta: 9.60235e-18
(iter: 717)delta: 9.58366e-18
(iter: 718)delta: 9.54648e-18
(iter: 719)delta: 9.52797e-18
(iter: 720)delta: 9.49108e-18
(iter: 721)delta: 9.47274e-18
(iter: 722)delta: 9.43614e-18
(iter: 723)delta: 9.41798e-18
(iter: 724)delta: 9.38165e-18
(iter: 725)delta: 9.36367e-18
(iter: 726)delta: 9.32762e-18
(iter: 727)delta: 9.3098e-18
(iter: 728)delta: 9.27403e-18
(iter: 729)delta: 9.25638e-18
(iter: 730)delta: 9.22088e-18
(iter: 731)delta: 9.2034e-18
(iter: 732)delta: 9.16817e-18
(iter: 733)delta: 9.15085e-18
(iter: 734)delta: 9.11589e-18
(iter: 735)delta: 9.09873e-18
(iter: 736)delta: 9.06403e-18
(iter: 737)delta: 9.04703e-18
(iter: 738)delta: 9.0126e-18
(iter: 739)delta: 8.99576e-18
(iter: 740)delta: 8.96158e-18
(iter: 741)delta: 8.9449e-18
(iter: 742)delta: 8.91098e-18
(iter: 743)delta: 8.89445e-18
(iter: 744)delta: 8.86078e-18
(iter: 745)delta: 8.8444e-18
(iter: 746)delta: 8.81099e-18
(iter: 747)delta: 8.79476e-18
(iter: 748)delta: 8.7616e-18
(iter: 749)delta: 8.74552e-18
(iter: 750)delta: 8.7126e-18
(iter: 751)delta: 8.69667e-18
(iter: 752)delta: 8.664e-18
(iter: 753)delta: 8.64821e-18
(iter: 754)delta: 8.61578e-18
(iter: 755)delta: 8.60013e-18
(iter: 756)delta: 8.56794e-18
(iter: 757)delta: 8.55244e-18
(iter: 758)delta: 8.52049e-18
(iter: 759)delta: 8.50512e-18
(iter: 760)delta: 8.47341e-18
(iter: 761)delta: 8.45818e-18
(iter: 762)delta: 8.4267e-18
(iter: 763)delta: 8.41161e-18
(iter: 764)delta: 8.38035e-18
(iter: 765)delta: 8.3654e-18
(iter: 766)delta: 8.33438e-18
(iter: 767)delta: 8.31955e-18
(iter: 768)delta: 8.28876e-18
(iter: 769)delta: 8.27406e-18
(iter: 770)delta: 8.24349e-18
(iter: 771)delta: 8.22893e-18
(iter: 772)delta: 8.19858e-18
(iter: 773)delta: 8.18415e-18
(iter: 774)delta: 8.15402e-18
(iter: 775)delta: 8.13971e-18
(iter: 776)delta: 8.1098e-18
(iter: 777)delta: 8.09562e-18
(iter: 778)delta: 8.06593e-18
(iter: 779)delta: 8.05186e-18
(iter: 780)delta: 8.02239e-18
(iter: 781)delta: 8.00845e-18
(iter: 782)delta: 7.97918e-18
(iter: 783)delta: 7.96537e-18
(iter: 784)delta: 7.93631e-18
(iter: 785)delta: 7.92261e-18
(iter: 786)delta: 7.89377e-18
(iter: 787)delta: 7.88019e-18
(iter: 788)delta: 7.85155e-18
(iter: 789)delta: 7.83808e-18
(iter: 790)delta: 7.80965e-18
(iter: 791)delta: 7.7963e-18
(iter: 792)delta: 7.76807e-18
(iter: 793)delta: 7.75483e-18
(iter: 794)delta: 7.7268e-18
(iter: 795)delta: 7.71368e-18
(iter: 796)delta: 7.68585e-18
(iter: 797)delta: 7.67284e-18
(iter: 798)delta: 7.6452e-18
(iter: 799)delta: 7.6323e-18
(iter: 800)delta: 7.60486e-18
(iter: 801)delta: 7.59207e-18
(iter: 802)delta: 7.56483e-18
(iter: 803)delta: 7.55214e-18
(iter: 804)delta: 7.52509e-18
(iter: 805)delta: 7.51251e-18
(iter: 806)delta: 7.48565e-18
(iter: 807)delta: 7.47317e-18
(iter: 808)delta: 7.4465e-18
(iter: 809)delta: 7.43413e-18
(iter: 810)delta: 7.40764e-18
(iter: 811)delta: 7.39537e-18
(iter: 812)delta: 7.36907e-18
(iter: 813)delta: 7.3569e-18
(iter: 814)delta: 7.33079e-18
(iter: 815)delta: 7.31872e-18
(iter: 816)delta: 7.29279e-18
(iter: 817)delta: 7.28082e-18
(iter: 818)delta: 7.25506e-18
(iter: 819)delta: 7.24319e-18
(iter: 820)delta: 7.21762e-18
(iter: 821)delta: 7.20584e-18
(iter: 822)delta: 7.18045e-18
(iter: 823)delta: 7.16877e-18
(iter: 824)delta: 7.14355e-18
(iter: 825)delta: 7.13196e-18
(iter: 826)delta: 7.10692e-18
(iter: 827)delta: 7.09542e-18
(iter: 828)delta: 7.07055e-18
(iter: 829)delta: 7.05915e-18
(iter: 830)delta: 7.03445e-18
(iter: 831)delta: 7.02314e-18
(iter: 832)delta: 6.99861e-18
(iter: 833)delta: 6.98739e-18
(iter: 834)delta: 6.96303e-18
(iter: 835)delta: 6.9519e-18
(iter: 836)delta: 6.9277e-18
(iter: 837)delta: 6.91666e-18
(iter: 838)delta: 6.89263e-18
(iter: 839)delta: 6.88168e-18
(iter: 840)delta: 6.85781e-18
(iter: 841)delta: 6.84694e-18
(iter: 842)delta: 6.82324e-18
(iter: 843)delta: 6.81246e-18
(iter: 844)delta: 6.78891e-18
(iter: 845)delta: 6.77822e-18
(iter: 846)delta: 6.75483e-18
(iter: 847)delta: 6.74422e-18
(iter: 848)delta: 6.72099e-18
(iter: 849)delta: 6.71047e-18
(iter: 850)delta: 6.68739e-18
(iter: 851)delta: 6.67695e-18
(iter: 852)delta: 6.65403e-18
(iter: 853)delta: 6.64367e-18
(iter: 854)delta: 6.62091e-18
(iter: 855)delta: 6.61062e-18
(iter: 856)delta: 6.58801e-18
(iter: 857)delta: 6.57781e-18
(iter: 858)delta: 6.55535e-18
(iter: 859)delta: 6.54523e-18
(iter: 860)delta: 6.52292e-18
(iter: 861)delta: 6.51287e-18
(iter: 862)delta: 6.49071e-18
(iter: 863)delta: 6.48074e-18
(iter: 864)delta: 6.45873e-18
(iter: 865)delta: 6.44884e-18
(iter: 866)delta: 6.42697e-18
(iter: 867)delta: 6.41715e-18
(iter: 868)delta: 6.39543e-18
(iter: 869)delta: 6.38569e-18
(iter: 870)delta: 6.36411e-18
(iter: 871)delta: 6.35444e-18
(iter: 872)delta: 6.33301e-18
(iter: 873)delta: 6.32341e-18
(iter: 874)delta: 6.30212e-18
(iter: 875)delta: 6.29259e-18
(iter: 876)delta: 6.27144e-18
(iter: 877)delta: 6.26199e-18
(iter: 878)delta: 6.24097e-18
(iter: 879)delta: 6.23159e-18
(iter: 880)delta: 6.21072e-18
(iter: 881)delta: 6.2014e-18
(iter: 882)delta: 6.18067e-18
(iter: 883)delta: 6.17142e-18
(iter: 884)delta: 6.15082e-18
(iter: 885)delta: 6.14164e-18
(iter: 886)delta: 6.12118e-18
(iter: 887)delta: 6.11207e-18
(iter: 888)delta: 6.09173e-18
(iter: 889)delta: 6.08269e-18
(iter: 890)delta: 6.06249e-18
(iter: 891)delta: 6.05352e-18
(iter: 892)delta: 6.03345e-18
(iter: 893)delta: 6.02454e-18
(iter: 894)delta: 6.0046e-18
(iter: 895)delta: 5.99576e-18
(iter: 896)delta: 5.97594e-18
(iter: 897)delta: 5.96717e-18
(iter: 898)delta: 5.94748e-18
(iter: 899)delta: 5.93877e-18
(iter: 900)delta: 5.91921e-18
(iter: 901)delta: 5.91056e-18
(iter: 902)delta: 5.89113e-18
(iter: 903)delta: 5.88254e-18
(iter: 904)delta: 5.86323e-18
(iter: 905)delta: 5.85471e-18
(iter: 906)delta: 5.83553e-18
(iter: 907)delta: 5.82706e-18
(iter: 908)delta: 5.808e-18
(iter: 909)delta: 5.79959e-18
(iter: 910)delta: 5.78066e-18
(iter: 911)delta: 5.77231e-18
(iter: 912)delta: 5.7535e-18
(iter: 913)delta: 5.74521e-18
(iter: 914)delta: 5.72651e-18
(iter: 915)delta: 5.71829e-18
(iter: 916)delta: 5.69971e-18
(iter: 917)delta: 5.69154e-18
(iter: 918)delta: 5.67308e-18
(iter: 919)delta: 5.66497e-18
(iter: 920)delta: 5.64663e-18
(iter: 921)delta: 5.63857e-18
(iter: 922)delta: 5.62035e-18
(iter: 923)delta: 5.61235e-18
(iter: 924)delta: 5.59424e-18
(iter: 925)delta: 5.5863e-18
(iter: 926)delta: 5.5683e-18
(iter: 927)delta: 5.56041e-18
(iter: 928)delta: 5.54253e-18
(iter: 929)delta: 5.5347e-18
(iter: 930)delta: 5.51693e-18
(iter: 931)delta: 5.50915e-18
(iter: 932)delta: 5.49149e-18
(iter: 933)delta: 5.48377e-18
(iter: 934)delta: 5.46622e-18
(iter: 935)delta: 5.45855e-18
(iter: 936)delta: 5.44111e-18
(iter: 937)delta: 5.43349e-18
(iter: 938)delta: 5.41616e-18
(iter: 939)delta: 5.4086e-18
(iter: 940)delta: 5.39137e-18
(iter: 941)delta: 5.38386e-18
(iter: 942)delta: 5.36675e-18
(iter: 943)delta: 5.35929e-18
(iter: 944)delta: 5.34228e-18
(iter: 945)delta: 5.33487e-18
(iter: 946)delta: 5.31796e-18
(iter: 947)delta: 5.3106e-18
(iter: 948)delta: 5.2938e-18
(iter: 949)delta: 5.28649e-18
(iter: 950)delta: 5.2698e-18
(iter: 951)delta: 5.26254e-18
(iter: 952)delta: 5.24594e-18
(iter: 953)delta: 5.23873e-18
(iter: 954)delta: 5.22224e-18
(iter: 955)delta: 5.21508e-18
(iter: 956)delta: 5.19869e-18
(iter: 957)delta: 5.19157e-18
(iter: 958)delta: 5.17528e-18
(iter: 959)delta: 5.16822e-18
(iter: 960)delta: 5.15203e-18
(iter: 961)delta: 5.14501e-18
(iter: 962)delta: 5.12892e-18
(iter: 963)delta: 5.12195e-18
(iter: 964)delta: 5.10595e-18
(iter: 965)delta: 5.09903e-18
(iter: 966)delta: 5.08313e-18
(iter: 967)delta: 5.07625e-18
(iter: 968)delta: 5.06045e-18
(iter: 969)delta: 5.05362e-18
(iter: 970)delta: 5.03791e-18
(iter: 971)delta: 5.03112e-18
(iter: 972)delta: 5.01552e-18
(iter: 973)delta: 5.00877e-18
(iter: 974)delta: 4.99326e-18
(iter: 975)delta: 4.98656e-18
(iter: 976)delta: 4.97114e-18
(iter: 977)delta: 4.96448e-18
(iter: 978)delta: 4.94915e-18
(iter: 979)delta: 4.94254e-18
(iter: 980)delta: 4.9273e-18
(iter: 981)delta: 4.92073e-18
(iter: 982)delta: 4.90559e-18
(iter: 983)delta: 4.89906e-18
(iter: 984)delta: 4.88401e-18
(iter: 985)delta: 4.87752e-18
(iter: 986)delta: 4.86256e-18
(iter: 987)delta: 4.85612e-18
(iter: 988)delta: 4.84125e-18
(iter: 989)delta: 4.83484e-18
(iter: 990)delta: 4.82006e-18
(iter: 991)delta: 4.8137e-18
(iter: 992)delta: 4.799e-18
(iter: 993)delta: 4.79268e-18
(iter: 994)delta: 4.77807e-18
(iter: 995)delta: 4.77179e-18
(iter: 996)delta: 4.75727e-18
(iter: 997)delta: 4.75103e-18
(iter: 998)delta: 4.7366e-18
(iter: 999)delta: 4.7304e-18
(iter: 1000)delta: 4.71605e-18
Number of iterations: 1000 (max. 1000)
Final norm of residuum: 4.71605e-18
